â–² Next.js 16.2.10 (Turbopack)
- Local:         http://localhost:3000
- Network:       http://192.168.1.138:3000
âœ“ Ready in 556ms

â—‹ Compiling / ...
 GET / 200 in 5.8s (next.js: 5.5s, application-code: 310ms)
 GET /login 200 in 1471ms (next.js: 1419ms, application-code: 52ms)
 GET /register 200 in 766ms (next.js: 718ms, application-code: 48ms)
 GET /dashboard 200 in 989ms (next.js: 933ms, application-code: 57ms)
[browser] â¨¯ unhandledRejection: Error: Failed to update profile
    at request (src/lib/api.ts:19:11)
    at async toggleHide (src/app/dashboard/page.tsx:73:5)
  17 |   if (!res.ok) {
  18 |     const err = await res.json().catch(() => ({ error: 'Request failed' }))
> 19 |     throw new Error(err.error || `HTTP ${res.status}`)
     |           ^
  20 |   }
  21 |   return res.json()
  22 | }
[browser] â¨¯ unhandledRejection: Error: Failed to update profile
    at request (src/lib/api.ts:19:11)
    at async toggleHide (src/app/dashboard/page.tsx:73:5)
  17 |   if (!res.ok) {
  18 |     const err = await res.json().catch(() => ({ error: 'Request failed' }))
> 19 |     throw new Error(err.error || `HTTP ${res.status}`)
     |           ^
  20 |   }
  21 |   return res.json()
  22 | }
"wmic" non Š riconosciuto come comando interno o esterno,
 un programma eseguibile o un file batch.
 GET / 200 in 51ms (next.js: 15ms, application-code: 36ms)
