▲ Next.js 16.2.10 (Turbopack)
- Local:         http://localhost:3000
- Network:       http://192.168.1.138:3000
✓ Ready in 570ms

 GET /dashboard 200 in 331ms (next.js: 197ms, application-code: 134ms)
 GET /dashboard 200 in 251ms (next.js: 12ms, application-code: 239ms)
 GET / 200 in 272ms (next.js: 105ms, application-code: 167ms)
 GET /dashboard 200 in 22ms (next.js: 4ms, application-code: 18ms)
 GET / 200 in 33ms (next.js: 5ms, application-code: 28ms)
 GET /dashboard 200 in 21ms (next.js: 4ms, application-code: 16ms)
 GET /profilo 200 in 2.1s (next.js: 2.1s, application-code: 68ms)
 GET / 200 in 32ms (next.js: 6ms, application-code: 26ms)
 GET /dashboard 200 in 89ms (next.js: 14ms, application-code: 75ms)
✓ Compiled in 198ms
 GET / 200 in 462ms (next.js: 197ms, application-code: 265ms)
 GET /dashboard 200 in 778ms (next.js: 455ms, application-code: 323ms)
 GET /carte 200 in 75ms (next.js: 39ms, application-code: 37ms)
 GET /movimenti 200 in 69ms (next.js: 30ms, application-code: 39ms)
 GET /stats 200 in 2.8s (next.js: 2.7s, application-code: 141ms)
⨯ ./client/src/components/AppShell.tsx:4:1
Module not found: Can't resolve './Sidebar'
  [90m2 |[0m [36mimport[0m { [33mReactNode[0m, useState } [36mfrom[0m [32m'react'[0m
  [90m3 |[0m [36mimport[0m [33mParticles[0m [36mfrom[0m [32m'./Particles'[0m
[31m[1m>[0m [90m4 |[0m [36mimport[0m [33mSidebar[0m [36mfrom[0m [32m'./Sidebar'[0m
  [90m  |[0m [31m[1m^^^^^^^^^^^^^^^^^^^^^^^^^^^^^^^[0m
  [90m5 |[0m [36mimport[0m [33mQuickAddModal[0m [36mfrom[0m [32m'./QuickAddModal'[0m
  [90m6 |[0m [36mimport[0m { [33mPlus[0m } [36mfrom[0m [32m'lucide-react'[0m
  [90m7 |[0m



Import traces:
  Client Component Browser:
    ./client/src/components/AppShell.tsx [Client Component Browser]
    ./client/src/app/profilo/page.tsx [Client Component Browser]
    ./client/src/app/profilo/page.tsx [Server Component]

  Client Component SSR:
    ./client/src/components/AppShell.tsx [Client Component SSR]
    ./client/src/app/profilo/page.tsx [Client Component SSR]
    ./client/src/app/profilo/page.tsx [Server Component]

https://nextjs.org/docs/messages/module-not-found


⨯ ./client/src/components/AppShell.tsx:4:1
Module not found: Can't resolve './Sidebar'
  [90m2 |[0m [36mimport[0m { [33mReactNode[0m, useState } [36mfrom[0m [32m'react'[0m
  [90m3 |[0m [36mimport[0m [33mParticles[0m [36mfrom[0m [32m'./Particles'[0m
[31m[1m>[0m [90m4 |[0m [36mimport[0m [33mSidebar[0m [36mfrom[0m [32m'./Sidebar'[0m
  [90m  |[0m [31m[1m^^^^^^^^^^^^^^^^^^^^^^^^^^^^^^^[0m
  [90m5 |[0m [36mimport[0m [33mQuickAddModal[0m [36mfrom[0m [32m'./QuickAddModal'[0m
  [90m6 |[0m [36mimport[0m { [33mPlus[0m } [36mfrom[0m [32m'lucide-react'[0m
  [90m7 |[0m



Import traces:
  Client Component Browser:
    ./client/src/components/AppShell.tsx [Client Component Browser]
    ./client/src/app/profilo/page.tsx [Client Component Browser]
    ./client/src/app/profilo/page.tsx [Server Component]

  Client Component SSR:
    ./client/src/components/AppShell.tsx [Client Component SSR]
    ./client/src/app/profilo/page.tsx [Client Component SSR]
    ./client/src/app/profilo/page.tsx [Server Component]

https://nextjs.org/docs/messages/module-not-found


⨯ ./client/src/components/AppShell.tsx:4:1
Module not found: Can't resolve './Sidebar'
  [90m2 |[0m [36mimport[0m { [33mReactNode[0m, useState } [36mfrom[0m [32m'react'[0m
  [90m3 |[0m [36mimport[0m [33mParticles[0m [36mfrom[0m [32m'./Particles'[0m
[31m[1m>[0m [90m4 |[0m [36mimport[0m [33mSidebar[0m [36mfrom[0m [32m'./Sidebar'[0m
  [90m  |[0m [31m[1m^^^^^^^^^^^^^^^^^^^^^^^^^^^^^^^[0m
  [90m5 |[0m [36mimport[0m [33mQuickAddModal[0m [36mfrom[0m [32m'./QuickAddModal'[0m
  [90m6 |[0m [36mimport[0m { [33mPlus[0m } [36mfrom[0m [32m'lucide-react'[0m
  [90m7 |[0m



Import traces:
  Client Component Browser:
    ./client/src/components/AppShell.tsx [Client Component Browser]
    ./client/src/app/profilo/page.tsx [Client Component Browser]
    ./client/src/app/profilo/page.tsx [Server Component]

  Client Component SSR:
    ./client/src/components/AppShell.tsx [Client Component SSR]
    ./client/src/app/profilo/page.tsx [Client Component SSR]
    ./client/src/app/profilo/page.tsx [Server Component]

https://nextjs.org/docs/messages/module-not-found


⨯ ./client/src/components/AppShell.tsx:4:1
Module not found: Can't resolve './Sidebar'
  [90m2 |[0m [36mimport[0m { [33mReactNode[0m, useState } [36mfrom[0m [32m'react'[0m
  [90m3 |[0m [36mimport[0m [33mParticles[0m [36mfrom[0m [32m'./Particles'[0m
[31m[1m>[0m [90m4 |[0m [36mimport[0m [33mSidebar[0m [36mfrom[0m [32m'./Sidebar'[0m
  [90m  |[0m [31m[1m^^^^^^^^^^^^^^^^^^^^^^^^^^^^^^^[0m
  [90m5 |[0m [36mimport[0m [33mQuickAddModal[0m [36mfrom[0m [32m'./QuickAddModal'[0m
  [90m6 |[0m [36mimport[0m { [33mPlus[0m } [36mfrom[0m [32m'lucide-react'[0m
  [90m7 |[0m



Import traces:
  Client Component Browser:
    ./client/src/components/AppShell.tsx [Client Component Browser]
    ./client/src/app/profilo/page.tsx [Client Component Browser]
    ./client/src/app/profilo/page.tsx [Server Component]

  Client Component SSR:
    ./client/src/components/AppShell.tsx [Client Component SSR]
    ./client/src/app/profilo/page.tsx [Client Component SSR]
    ./client/src/app/profilo/page.tsx [Server Component]

https://nextjs.org/docs/messages/module-not-found


⨯ ./client/src/components/AppShell.tsx:4:1
Module not found: Can't resolve './Sidebar'
  [90m2 |[0m [36mimport[0m { [33mReactNode[0m, useState } [36mfrom[0m [32m'react'[0m
  [90m3 |[0m [36mimport[0m [33mParticles[0m [36mfrom[0m [32m'./Particles'[0m
[31m[1m>[0m [90m4 |[0m [36mimport[0m [33mSidebar[0m [36mfrom[0m [32m'./Sidebar'[0m
  [90m  |[0m [31m[1m^^^^^^^^^^^^^^^^^^^^^^^^^^^^^^^[0m
  [90m5 |[0m [36mimport[0m [33mQuickAddModal[0m [36mfrom[0m [32m'./QuickAddModal'[0m
  [90m6 |[0m [36mimport[0m { [33mPlus[0m } [36mfrom[0m [32m'lucide-react'[0m
  [90m7 |[0m



Import traces:
  Client Component Browser:
    ./client/src/components/AppShell.tsx [Client Component Browser]
    ./client/src/app/movimenti/page.tsx [Client Component Browser]
    ./client/src/app/movimenti/page.tsx [Server Component]

  Client Component SSR:
    ./client/src/components/AppShell.tsx [Client Component SSR]
    ./client/src/app/movimenti/page.tsx [Client Component SSR]
    ./client/src/app/movimenti/page.tsx [Server Component]

https://nextjs.org/docs/messages/module-not-found


⨯ ./client/src/components/AppShell.tsx:4:1
Module not found: Can't resolve './Sidebar'
  [90m2 |[0m [36mimport[0m { [33mReactNode[0m, useState } [36mfrom[0m [32m'react'[0m
  [90m3 |[0m [36mimport[0m [33mParticles[0m [36mfrom[0m [32m'./Particles'[0m
[31m[1m>[0m [90m4 |[0m [36mimport[0m [33mSidebar[0m [36mfrom[0m [32m'./Sidebar'[0m
  [90m  |[0m [31m[1m^^^^^^^^^^^^^^^^^^^^^^^^^^^^^^^[0m
  [90m5 |[0m [36mimport[0m [33mQuickAddModal[0m [36mfrom[0m [32m'./QuickAddModal'[0m
  [90m6 |[0m [36mimport[0m { [33mPlus[0m } [36mfrom[0m [32m'lucide-react'[0m
  [90m7 |[0m



Import traces:
  Client Component Browser:
    ./client/src/components/AppShell.tsx [Client Component Browser]
    ./client/src/app/movimenti/page.tsx [Client Component Browser]
    ./client/src/app/movimenti/page.tsx [Server Component]

  Client Component SSR:
    ./client/src/components/AppShell.tsx [Client Component SSR]
    ./client/src/app/movimenti/page.tsx [Client Component SSR]
    ./client/src/app/movimenti/page.tsx [Server Component]

https://nextjs.org/docs/messages/module-not-found


⨯ ./client/src/components/AppShell.tsx:4:1
Module not found: Can't resolve './Sidebar'
  [90m2 |[0m [36mimport[0m { [33mReactNode[0m, useState } [36mfrom[0m [32m'react'[0m
  [90m3 |[0m [36mimport[0m [33mParticles[0m [36mfrom[0m [32m'./Particles'[0m
[31m[1m>[0m [90m4 |[0m [36mimport[0m [33mSidebar[0m [36mfrom[0m [32m'./Sidebar'[0m
  [90m  |[0m [31m[1m^^^^^^^^^^^^^^^^^^^^^^^^^^^^^^^[0m
  [90m5 |[0m [36mimport[0m [33mQuickAddModal[0m [36mfrom[0m [32m'./QuickAddModal'[0m
  [90m6 |[0m [36mimport[0m { [33mPlus[0m } [36mfrom[0m [32m'lucide-react'[0m
  [90m7 |[0m



Import traces:
  Client Component Browser:
    ./client/src/components/AppShell.tsx [Client Component Browser]
    ./client/src/app/movimenti/page.tsx [Client Component Browser]
    ./client/src/app/movimenti/page.tsx [Server Component]

  Client Component SSR:
    ./client/src/components/AppShell.tsx [Client Component SSR]
    ./client/src/app/movimenti/page.tsx [Client Component SSR]
    ./client/src/app/movimenti/page.tsx [Server Component]

https://nextjs.org/docs/messages/module-not-found


⨯ ./client/src/components/AppShell.tsx:4:1
Module not found: Can't resolve './Sidebar'
  [90m2 |[0m [36mimport[0m { [33mReactNode[0m, useState } [36mfrom[0m [32m'react'[0m
  [90m3 |[0m [36mimport[0m [33mParticles[0m [36mfrom[0m [32m'./Particles'[0m
[31m[1m>[0m [90m4 |[0m [36mimport[0m [33mSidebar[0m [36mfrom[0m [32m'./Sidebar'[0m
  [90m  |[0m [31m[1m^^^^^^^^^^^^^^^^^^^^^^^^^^^^^^^[0m
  [90m5 |[0m [36mimport[0m [33mQuickAddModal[0m [36mfrom[0m [32m'./QuickAddModal'[0m
  [90m6 |[0m [36mimport[0m { [33mPlus[0m } [36mfrom[0m [32m'lucide-react'[0m
  [90m7 |[0m



Import traces:
  Client Component Browser:
    ./client/src/components/AppShell.tsx [Client Component Browser]
    ./client/src/app/movimenti/page.tsx [Client Component Browser]
    ./client/src/app/movimenti/page.tsx [Server Component]

  Client Component SSR:
    ./client/src/components/AppShell.tsx [Client Component SSR]
    ./client/src/app/movimenti/page.tsx [Client Component SSR]
    ./client/src/app/movimenti/page.tsx [Server Component]

https://nextjs.org/docs/messages/module-not-found


⨯ ./client/src/components/AppShell.tsx:4:1
Module not found: Can't resolve './Sidebar'
  [90m2 |[0m [36mimport[0m { [33mReactNode[0m, useState } [36mfrom[0m [32m'react'[0m
  [90m3 |[0m [36mimport[0m [33mParticles[0m [36mfrom[0m [32m'./Particles'[0m
[31m[1m>[0m [90m4 |[0m [36mimport[0m [33mSidebar[0m [36mfrom[0m [32m'./Sidebar'[0m
  [90m  |[0m [31m[1m^^^^^^^^^^^^^^^^^^^^^^^^^^^^^^^[0m
  [90m5 |[0m [36mimport[0m [33mQuickAddModal[0m [36mfrom[0m [32m'./QuickAddModal'[0m
  [90m6 |[0m [36mimport[0m { [33mPlus[0m } [36mfrom[0m [32m'lucide-react'[0m
  [90m7 |[0m



Import traces:
  Client Component Browser:
    ./client/src/components/AppShell.tsx [Client Component Browser]
    ./client/src/app/stats/page.tsx [Client Component Browser]
    ./client/src/app/stats/page.tsx [Server Component]

  Client Component SSR:
    ./client/src/components/AppShell.tsx [Client Component SSR]
    ./client/src/app/stats/page.tsx [Client Component SSR]
    ./client/src/app/stats/page.tsx [Server Component]

https://nextjs.org/docs/messages/module-not-found


⨯ ./client/src/components/AppShell.tsx:4:1
Module not found: Can't resolve './Sidebar'
  [90m2 |[0m [36mimport[0m { [33mReactNode[0m, useState } [36mfrom[0m [32m'react'[0m
  [90m3 |[0m [36mimport[0m [33mParticles[0m [36mfrom[0m [32m'./Particles'[0m
[31m[1m>[0m [90m4 |[0m [36mimport[0m [33mSidebar[0m [36mfrom[0m [32m'./Sidebar'[0m
  [90m  |[0m [31m[1m^^^^^^^^^^^^^^^^^^^^^^^^^^^^^^^[0m
  [90m5 |[0m [36mimport[0m [33mQuickAddModal[0m [36mfrom[0m [32m'./QuickAddModal'[0m
  [90m6 |[0m [36mimport[0m { [33mPlus[0m } [36mfrom[0m [32m'lucide-react'[0m
  [90m7 |[0m



Import traces:
  Client Component Browser:
    ./client/src/components/AppShell.tsx [Client Component Browser]
    ./client/src/app/stats/page.tsx [Client Component Browser]
    ./client/src/app/stats/page.tsx [Server Component]

  Client Component SSR:
    ./client/src/components/AppShell.tsx [Client Component SSR]
    ./client/src/app/stats/page.tsx [Client Component SSR]
    ./client/src/app/stats/page.tsx [Server Component]

https://nextjs.org/docs/messages/module-not-found


⨯ ./client/src/components/AppShell.tsx:4:1
Module not found: Can't resolve './Sidebar'
  [90m2 |[0m [36mimport[0m { [33mReactNode[0m, useState } [36mfrom[0m [32m'react'[0m
  [90m3 |[0m [36mimport[0m [33mParticles[0m [36mfrom[0m [32m'./Particles'[0m
[31m[1m>[0m [90m4 |[0m [36mimport[0m [33mSidebar[0m [36mfrom[0m [32m'./Sidebar'[0m
  [90m  |[0m [31m[1m^^^^^^^^^^^^^^^^^^^^^^^^^^^^^^^[0m
  [90m5 |[0m [36mimport[0m [33mQuickAddModal[0m [36mfrom[0m [32m'./QuickAddModal'[0m
  [90m6 |[0m [36mimport[0m { [33mPlus[0m } [36mfrom[0m [32m'lucide-react'[0m
  [90m7 |[0m



Import traces:
  Client Component Browser:
    ./client/src/components/AppShell.tsx [Client Component Browser]
    ./client/src/app/stats/page.tsx [Client Component Browser]
    ./client/src/app/stats/page.tsx [Server Component]

  Client Component SSR:
    ./client/src/components/AppShell.tsx [Client Component SSR]
    ./client/src/app/stats/page.tsx [Client Component SSR]
    ./client/src/app/stats/page.tsx [Server Component]

https://nextjs.org/docs/messages/module-not-found


⨯ ./client/src/components/AppShell.tsx:4:1
Module not found: Can't resolve './Sidebar'
  [90m2 |[0m [36mimport[0m { [33mReactNode[0m, useState } [36mfrom[0m [32m'react'[0m
  [90m3 |[0m [36mimport[0m [33mParticles[0m [36mfrom[0m [32m'./Particles'[0m
[31m[1m>[0m [90m4 |[0m [36mimport[0m [33mSidebar[0m [36mfrom[0m [32m'./Sidebar'[0m
  [90m  |[0m [31m[1m^^^^^^^^^^^^^^^^^^^^^^^^^^^^^^^[0m
  [90m5 |[0m [36mimport[0m [33mQuickAddModal[0m [36mfrom[0m [32m'./QuickAddModal'[0m
  [90m6 |[0m [36mimport[0m { [33mPlus[0m } [36mfrom[0m [32m'lucide-react'[0m
  [90m7 |[0m



Import traces:
  Client Component Browser:
    ./client/src/components/AppShell.tsx [Client Component Browser]
    ./client/src/app/stats/page.tsx [Client Component Browser]
    ./client/src/app/stats/page.tsx [Server Component]

  Client Component SSR:
    ./client/src/components/AppShell.tsx [Client Component SSR]
    ./client/src/app/stats/page.tsx [Client Component SSR]
    ./client/src/app/stats/page.tsx [Server Component]

https://nextjs.org/docs/messages/module-not-found


⨯ ./client/src/components/AppShell.tsx:4:1
Module not found: Can't resolve './Sidebar'
  [90m2 |[0m [36mimport[0m { [33mReactNode[0m, useState } [36mfrom[0m [32m'react'[0m
  [90m3 |[0m [36mimport[0m [33mParticles[0m [36mfrom[0m [32m'./Particles'[0m
[31m[1m>[0m [90m4 |[0m [36mimport[0m [33mSidebar[0m [36mfrom[0m [32m'./Sidebar'[0m
  [90m  |[0m [31m[1m^^^^^^^^^^^^^^^^^^^^^^^^^^^^^^^[0m
  [90m5 |[0m [36mimport[0m [33mQuickAddModal[0m [36mfrom[0m [32m'./QuickAddModal'[0m
  [90m6 |[0m [36mimport[0m { [33mPlus[0m } [36mfrom[0m [32m'lucide-react'[0m
  [90m7 |[0m



Import traces:
  Client Component Browser:
    ./client/src/components/AppShell.tsx [Client Component Browser]
    ./client/src/app/carte/page.tsx [Client Component Browser]
    ./client/src/app/carte/page.tsx [Server Component]

  Client Component SSR:
    ./client/src/components/AppShell.tsx [Client Component SSR]
    ./client/src/app/carte/page.tsx [Client Component SSR]
    ./client/src/app/carte/page.tsx [Server Component]

https://nextjs.org/docs/messages/module-not-found


⨯ ./client/src/components/AppShell.tsx:4:1
Module not found: Can't resolve './Sidebar'
  [90m2 |[0m [36mimport[0m { [33mReactNode[0m, useState } [36mfrom[0m [32m'react'[0m
  [90m3 |[0m [36mimport[0m [33mParticles[0m [36mfrom[0m [32m'./Particles'[0m
[31m[1m>[0m [90m4 |[0m [36mimport[0m [33mSidebar[0m [36mfrom[0m [32m'./Sidebar'[0m
  [90m  |[0m [31m[1m^^^^^^^^^^^^^^^^^^^^^^^^^^^^^^^[0m
  [90m5 |[0m [36mimport[0m [33mQuickAddModal[0m [36mfrom[0m [32m'./QuickAddModal'[0m
  [90m6 |[0m [36mimport[0m { [33mPlus[0m } [36mfrom[0m [32m'lucide-react'[0m
  [90m7 |[0m



Import traces:
  Client Component Browser:
    ./client/src/components/AppShell.tsx [Client Component Browser]
    ./client/src/app/carte/page.tsx [Client Component Browser]
    ./client/src/app/carte/page.tsx [Server Component]

  Client Component SSR:
    ./client/src/components/AppShell.tsx [Client Component SSR]
    ./client/src/app/carte/page.tsx [Client Component SSR]
    ./client/src/app/carte/page.tsx [Server Component]

https://nextjs.org/docs/messages/module-not-found


⨯ ./client/src/components/AppShell.tsx:4:1
Module not found: Can't resolve './Sidebar'
  [90m2 |[0m [36mimport[0m { [33mReactNode[0m, useState } [36mfrom[0m [32m'react'[0m
  [90m3 |[0m [36mimport[0m [33mParticles[0m [36mfrom[0m [32m'./Particles'[0m
[31m[1m>[0m [90m4 |[0m [36mimport[0m [33mSidebar[0m [36mfrom[0m [32m'./Sidebar'[0m
  [90m  |[0m [31m[1m^^^^^^^^^^^^^^^^^^^^^^^^^^^^^^^[0m
  [90m5 |[0m [36mimport[0m [33mQuickAddModal[0m [36mfrom[0m [32m'./QuickAddModal'[0m
  [90m6 |[0m [36mimport[0m { [33mPlus[0m } [36mfrom[0m [32m'lucide-react'[0m
  [90m7 |[0m



Import traces:
  Client Component Browser:
    ./client/src/components/AppShell.tsx [Client Component Browser]
    ./client/src/app/carte/page.tsx [Client Component Browser]
    ./client/src/app/carte/page.tsx [Server Component]

  Client Component SSR:
    ./client/src/components/AppShell.tsx [Client Component SSR]
    ./client/src/app/carte/page.tsx [Client Component SSR]
    ./client/src/app/carte/page.tsx [Server Component]

https://nextjs.org/docs/messages/module-not-found


⨯ ./client/src/components/AppShell.tsx:4:1
Module not found: Can't resolve './Sidebar'
  [90m2 |[0m [36mimport[0m { [33mReactNode[0m, useState } [36mfrom[0m [32m'react'[0m
  [90m3 |[0m [36mimport[0m [33mParticles[0m [36mfrom[0m [32m'./Particles'[0m
[31m[1m>[0m [90m4 |[0m [36mimport[0m [33mSidebar[0m [36mfrom[0m [32m'./Sidebar'[0m
  [90m  |[0m [31m[1m^^^^^^^^^^^^^^^^^^^^^^^^^^^^^^^[0m
  [90m5 |[0m [36mimport[0m [33mQuickAddModal[0m [36mfrom[0m [32m'./QuickAddModal'[0m
  [90m6 |[0m [36mimport[0m { [33mPlus[0m } [36mfrom[0m [32m'lucide-react'[0m
  [90m7 |[0m



Import traces:
  Client Component Browser:
    ./client/src/components/AppShell.tsx [Client Component Browser]
    ./client/src/app/carte/page.tsx [Client Component Browser]
    ./client/src/app/carte/page.tsx [Server Component]

  Client Component SSR:
    ./client/src/components/AppShell.tsx [Client Component SSR]
    ./client/src/app/carte/page.tsx [Client Component SSR]
    ./client/src/app/carte/page.tsx [Server Component]

https://nextjs.org/docs/messages/module-not-found


⨯ ./client/src/components/AppShell.tsx:4:1
Module not found: Can't resolve './Sidebar'
  [90m2 |[0m [36mimport[0m { [33mReactNode[0m, useState } [36mfrom[0m [32m'react'[0m
  [90m3 |[0m [36mimport[0m [33mParticles[0m [36mfrom[0m [32m'./Particles'[0m
[31m[1m>[0m [90m4 |[0m [36mimport[0m [33mSidebar[0m [36mfrom[0m [32m'./Sidebar'[0m
  [90m  |[0m [31m[1m^^^^^^^^^^^^^^^^^^^^^^^^^^^^^^^[0m
  [90m5 |[0m [36mimport[0m [33mQuickAddModal[0m [36mfrom[0m [32m'./QuickAddModal'[0m
  [90m6 |[0m [36mimport[0m { [33mPlus[0m } [36mfrom[0m [32m'lucide-react'[0m
  [90m7 |[0m



Import traces:
  Client Component Browser:
    ./client/src/components/AppShell.tsx [Client Component Browser]
    ./client/src/app/dashboard/page.tsx [Client Component Browser]
    ./client/src/app/dashboard/page.tsx [Server Component]

  Client Component SSR:
    ./client/src/components/AppShell.tsx [Client Component SSR]
    ./client/src/app/dashboard/page.tsx [Client Component SSR]
    ./client/src/app/dashboard/page.tsx [Server Component]

https://nextjs.org/docs/messages/module-not-found


⨯ ./client/src/components/AppShell.tsx:4:1
Module not found: Can't resolve './Sidebar'
  [90m2 |[0m [36mimport[0m { [33mReactNode[0m, useState } [36mfrom[0m [32m'react'[0m
  [90m3 |[0m [36mimport[0m [33mParticles[0m [36mfrom[0m [32m'./Particles'[0m
[31m[1m>[0m [90m4 |[0m [36mimport[0m [33mSidebar[0m [36mfrom[0m [32m'./Sidebar'[0m
  [90m  |[0m [31m[1m^^^^^^^^^^^^^^^^^^^^^^^^^^^^^^^[0m
  [90m5 |[0m [36mimport[0m [33mQuickAddModal[0m [36mfrom[0m [32m'./QuickAddModal'[0m
  [90m6 |[0m [36mimport[0m { [33mPlus[0m } [36mfrom[0m [32m'lucide-react'[0m
  [90m7 |[0m



Import traces:
  Client Component Browser:
    ./client/src/components/AppShell.tsx [Client Component Browser]
    ./client/src/app/dashboard/page.tsx [Client Component Browser]
    ./client/src/app/dashboard/page.tsx [Server Component]

  Client Component SSR:
    ./client/src/components/AppShell.tsx [Client Component SSR]
    ./client/src/app/dashboard/page.tsx [Client Component SSR]
    ./client/src/app/dashboard/page.tsx [Server Component]

https://nextjs.org/docs/messages/module-not-found


⨯ ./client/src/components/AppShell.tsx:4:1
Module not found: Can't resolve './Sidebar'
  [90m2 |[0m [36mimport[0m { [33mReactNode[0m, useState } [36mfrom[0m [32m'react'[0m
  [90m3 |[0m [36mimport[0m [33mParticles[0m [36mfrom[0m [32m'./Particles'[0m
[31m[1m>[0m [90m4 |[0m [36mimport[0m [33mSidebar[0m [36mfrom[0m [32m'./Sidebar'[0m
  [90m  |[0m [31m[1m^^^^^^^^^^^^^^^^^^^^^^^^^^^^^^^[0m
  [90m5 |[0m [36mimport[0m [33mQuickAddModal[0m [36mfrom[0m [32m'./QuickAddModal'[0m
  [90m6 |[0m [36mimport[0m { [33mPlus[0m } [36mfrom[0m [32m'lucide-react'[0m
  [90m7 |[0m



Import traces:
  Client Component Browser:
    ./client/src/components/AppShell.tsx [Client Component Browser]
    ./client/src/app/dashboard/page.tsx [Client Component Browser]
    ./client/src/app/dashboard/page.tsx [Server Component]

  Client Component SSR:
    ./client/src/components/AppShell.tsx [Client Component SSR]
    ./client/src/app/dashboard/page.tsx [Client Component SSR]
    ./client/src/app/dashboard/page.tsx [Server Component]

https://nextjs.org/docs/messages/module-not-found


⨯ ./client/src/components/AppShell.tsx:4:1
Module not found: Can't resolve './Sidebar'
  [90m2 |[0m [36mimport[0m { [33mReactNode[0m, useState } [36mfrom[0m [32m'react'[0m
  [90m3 |[0m [36mimport[0m [33mParticles[0m [36mfrom[0m [32m'./Particles'[0m
[31m[1m>[0m [90m4 |[0m [36mimport[0m [33mSidebar[0m [36mfrom[0m [32m'./Sidebar'[0m
  [90m  |[0m [31m[1m^^^^^^^^^^^^^^^^^^^^^^^^^^^^^^^[0m
  [90m5 |[0m [36mimport[0m [33mQuickAddModal[0m [36mfrom[0m [32m'./QuickAddModal'[0m
  [90m6 |[0m [36mimport[0m { [33mPlus[0m } [36mfrom[0m [32m'lucide-react'[0m
  [90m7 |[0m



Import traces:
  Client Component Browser:
    ./client/src/components/AppShell.tsx [Client Component Browser]
    ./client/src/app/dashboard/page.tsx [Client Component Browser]
    ./client/src/app/dashboard/page.tsx [Server Component]

  Client Component SSR:
    ./client/src/components/AppShell.tsx [Client Component SSR]
    ./client/src/app/dashboard/page.tsx [Client Component SSR]
    ./client/src/app/dashboard/page.tsx [Server Component]

https://nextjs.org/docs/messages/module-not-found


✓ Compiled in 100ms
✓ Compiled in 199ms
 GET / 200 in 518ms (next.js: 242ms, application-code: 276ms)
 GET /dashboard 200 in 394ms (next.js: 290ms, application-code: 103ms)
 GET /carte 200 in 294ms (next.js: 201ms, application-code: 93ms)
 GET /dashboard 200 in 32ms (next.js: 10ms, application-code: 22ms)
 GET /movimenti 200 in 247ms (next.js: 171ms, application-code: 76ms)
 GET /stats 200 in 299ms (next.js: 204ms, application-code: 96ms)
 GET /profilo 200 in 483ms (next.js: 364ms, application-code: 119ms)
 GET /profilo 200 in 16ms (next.js: 4ms, application-code: 12ms)
 GET /profilo 200 in 17ms (next.js: 5ms, application-code: 12ms)
⨯ ./client/src/components/AppShell.tsx:4:1
Module not found: Can't resolve './BottomNav'
  [90m2 |[0m [36mimport[0m { [33mReactNode[0m } [36mfrom[0m [32m'react'[0m
  [90m3 |[0m [36mimport[0m [33mParticles[0m [36mfrom[0m [32m'./Particles'[0m
[31m[1m>[0m [90m4 |[0m [36mimport[0m [33mBottomNav[0m [36mfrom[0m [32m'./BottomNav'[0m
  [90m  |[0m [31m[1m^^^^^^^^^^^^^^^^^^^^^^^^^^^^^^^^^^^[0m
  [90m5 |[0m [36mimport[0m [33mFab[0m [36mfrom[0m [32m'./Fab'[0m
  [90m6 |[0m
  [90m7 |[0m [36mexport[0m [36mdefault[0m [36mfunction[0m [33mAppShell[0m({ children }: { children: [33mReactNode[0m }) {



Import traces:
  Client Component Browser:
    ./client/src/components/AppShell.tsx [Client Component Browser]
    ./client/src/app/carte/page.tsx [Client Component Browser]
    ./client/src/app/carte/page.tsx [Server Component]

  Client Component SSR:
    ./client/src/components/AppShell.tsx [Client Component SSR]
    ./client/src/app/carte/page.tsx [Client Component SSR]
    ./client/src/app/carte/page.tsx [Server Component]

https://nextjs.org/docs/messages/module-not-found


⨯ ./client/src/components/AppShell.tsx:4:1
Module not found: Can't resolve './BottomNav'
  [90m2 |[0m [36mimport[0m { [33mReactNode[0m } [36mfrom[0m [32m'react'[0m
  [90m3 |[0m [36mimport[0m [33mParticles[0m [36mfrom[0m [32m'./Particles'[0m
[31m[1m>[0m [90m4 |[0m [36mimport[0m [33mBottomNav[0m [36mfrom[0m [32m'./BottomNav'[0m
  [90m  |[0m [31m[1m^^^^^^^^^^^^^^^^^^^^^^^^^^^^^^^^^^^[0m
  [90m5 |[0m [36mimport[0m [33mFab[0m [36mfrom[0m [32m'./Fab'[0m
  [90m6 |[0m
  [90m7 |[0m [36mexport[0m [36mdefault[0m [36mfunction[0m [33mAppShell[0m({ children }: { children: [33mReactNode[0m }) {



Import traces:
  Client Component Browser:
    ./client/src/components/AppShell.tsx [Client Component Browser]
    ./client/src/app/carte/page.tsx [Client Component Browser]
    ./client/src/app/carte/page.tsx [Server Component]

  Client Component SSR:
    ./client/src/components/AppShell.tsx [Client Component SSR]
    ./client/src/app/carte/page.tsx [Client Component SSR]
    ./client/src/app/carte/page.tsx [Server Component]

https://nextjs.org/docs/messages/module-not-found


⨯ ./client/src/components/AppShell.tsx:4:1
Module not found: Can't resolve './BottomNav'
  [90m2 |[0m [36mimport[0m { [33mReactNode[0m } [36mfrom[0m [32m'react'[0m
  [90m3 |[0m [36mimport[0m [33mParticles[0m [36mfrom[0m [32m'./Particles'[0m
[31m[1m>[0m [90m4 |[0m [36mimport[0m [33mBottomNav[0m [36mfrom[0m [32m'./BottomNav'[0m
  [90m  |[0m [31m[1m^^^^^^^^^^^^^^^^^^^^^^^^^^^^^^^^^^^[0m
  [90m5 |[0m [36mimport[0m [33mFab[0m [36mfrom[0m [32m'./Fab'[0m
  [90m6 |[0m
  [90m7 |[0m [36mexport[0m [36mdefault[0m [36mfunction[0m [33mAppShell[0m({ children }: { children: [33mReactNode[0m }) {



Import traces:
  Client Component Browser:
    ./client/src/components/AppShell.tsx [Client Component Browser]
    ./client/src/app/carte/page.tsx [Client Component Browser]
    ./client/src/app/carte/page.tsx [Server Component]

  Client Component SSR:
    ./client/src/components/AppShell.tsx [Client Component SSR]
    ./client/src/app/carte/page.tsx [Client Component SSR]
    ./client/src/app/carte/page.tsx [Server Component]

https://nextjs.org/docs/messages/module-not-found


⨯ ./client/src/components/AppShell.tsx:4:1
Module not found: Can't resolve './BottomNav'
  [90m2 |[0m [36mimport[0m { [33mReactNode[0m } [36mfrom[0m [32m'react'[0m
  [90m3 |[0m [36mimport[0m [33mParticles[0m [36mfrom[0m [32m'./Particles'[0m
[31m[1m>[0m [90m4 |[0m [36mimport[0m [33mBottomNav[0m [36mfrom[0m [32m'./BottomNav'[0m
  [90m  |[0m [31m[1m^^^^^^^^^^^^^^^^^^^^^^^^^^^^^^^^^^^[0m
  [90m5 |[0m [36mimport[0m [33mFab[0m [36mfrom[0m [32m'./Fab'[0m
  [90m6 |[0m
  [90m7 |[0m [36mexport[0m [36mdefault[0m [36mfunction[0m [33mAppShell[0m({ children }: { children: [33mReactNode[0m }) {



Import traces:
  Client Component Browser:
    ./client/src/components/AppShell.tsx [Client Component Browser]
    ./client/src/app/carte/page.tsx [Client Component Browser]
    ./client/src/app/carte/page.tsx [Server Component]

  Client Component SSR:
    ./client/src/components/AppShell.tsx [Client Component SSR]
    ./client/src/app/carte/page.tsx [Client Component SSR]
    ./client/src/app/carte/page.tsx [Server Component]

https://nextjs.org/docs/messages/module-not-found


⨯ ./client/src/components/AppShell.tsx:5:1
Module not found: Can't resolve './Fab'
  [90m3 |[0m [36mimport[0m [33mParticles[0m [36mfrom[0m [32m'./Particles'[0m
  [90m4 |[0m [36mimport[0m [33mBottomNav[0m [36mfrom[0m [32m'./BottomNav'[0m
[31m[1m>[0m [90m5 |[0m [36mimport[0m [33mFab[0m [36mfrom[0m [32m'./Fab'[0m
  [90m  |[0m [31m[1m^^^^^^^^^^^^^^^^^^^^^^^[0m
  [90m6 |[0m
  [90m7 |[0m [36mexport[0m [36mdefault[0m [36mfunction[0m [33mAppShell[0m({ children }: { children: [33mReactNode[0m }) {
  [90m8 |[0m   [36mreturn[0m (



Import traces:
  Client Component Browser:
    ./client/src/components/AppShell.tsx [Client Component Browser]
    ./client/src/app/carte/page.tsx [Client Component Browser]
    ./client/src/app/carte/page.tsx [Server Component]

  Client Component SSR:
    ./client/src/components/AppShell.tsx [Client Component SSR]
    ./client/src/app/carte/page.tsx [Client Component SSR]
    ./client/src/app/carte/page.tsx [Server Component]

https://nextjs.org/docs/messages/module-not-found


⨯ ./client/src/components/AppShell.tsx:5:1
Module not found: Can't resolve './Fab'
  [90m3 |[0m [36mimport[0m [33mParticles[0m [36mfrom[0m [32m'./Particles'[0m
  [90m4 |[0m [36mimport[0m [33mBottomNav[0m [36mfrom[0m [32m'./BottomNav'[0m
[31m[1m>[0m [90m5 |[0m [36mimport[0m [33mFab[0m [36mfrom[0m [32m'./Fab'[0m
  [90m  |[0m [31m[1m^^^^^^^^^^^^^^^^^^^^^^^[0m
  [90m6 |[0m
  [90m7 |[0m [36mexport[0m [36mdefault[0m [36mfunction[0m [33mAppShell[0m({ children }: { children: [33mReactNode[0m }) {
  [90m8 |[0m   [36mreturn[0m (



Import traces:
  Client Component Browser:
    ./client/src/components/AppShell.tsx [Client Component Browser]
    ./client/src/app/carte/page.tsx [Client Component Browser]
    ./client/src/app/carte/page.tsx [Server Component]

  Client Component SSR:
    ./client/src/components/AppShell.tsx [Client Component SSR]
    ./client/src/app/carte/page.tsx [Client Component SSR]
    ./client/src/app/carte/page.tsx [Server Component]

https://nextjs.org/docs/messages/module-not-found


⨯ ./client/src/components/AppShell.tsx:5:1
Module not found: Can't resolve './Fab'
  [90m3 |[0m [36mimport[0m [33mParticles[0m [36mfrom[0m [32m'./Particles'[0m
  [90m4 |[0m [36mimport[0m [33mBottomNav[0m [36mfrom[0m [32m'./BottomNav'[0m
[31m[1m>[0m [90m5 |[0m [36mimport[0m [33mFab[0m [36mfrom[0m [32m'./Fab'[0m
  [90m  |[0m [31m[1m^^^^^^^^^^^^^^^^^^^^^^^[0m
  [90m6 |[0m
  [90m7 |[0m [36mexport[0m [36mdefault[0m [36mfunction[0m [33mAppShell[0m({ children }: { children: [33mReactNode[0m }) {
  [90m8 |[0m   [36mreturn[0m (



Import traces:
  Client Component Browser:
    ./client/src/components/AppShell.tsx [Client Component Browser]
    ./client/src/app/carte/page.tsx [Client Component Browser]
    ./client/src/app/carte/page.tsx [Server Component]

  Client Component SSR:
    ./client/src/components/AppShell.tsx [Client Component SSR]
    ./client/src/app/carte/page.tsx [Client Component SSR]
    ./client/src/app/carte/page.tsx [Server Component]

https://nextjs.org/docs/messages/module-not-found


⨯ ./client/src/components/AppShell.tsx:5:1
Module not found: Can't resolve './Fab'
  [90m3 |[0m [36mimport[0m [33mParticles[0m [36mfrom[0m [32m'./Particles'[0m
  [90m4 |[0m [36mimport[0m [33mBottomNav[0m [36mfrom[0m [32m'./BottomNav'[0m
[31m[1m>[0m [90m5 |[0m [36mimport[0m [33mFab[0m [36mfrom[0m [32m'./Fab'[0m
  [90m  |[0m [31m[1m^^^^^^^^^^^^^^^^^^^^^^^[0m
  [90m6 |[0m
  [90m7 |[0m [36mexport[0m [36mdefault[0m [36mfunction[0m [33mAppShell[0m({ children }: { children: [33mReactNode[0m }) {
  [90m8 |[0m   [36mreturn[0m (



Import traces:
  Client Component Browser:
    ./client/src/components/AppShell.tsx [Client Component Browser]
    ./client/src/app/carte/page.tsx [Client Component Browser]
    ./client/src/app/carte/page.tsx [Server Component]

  Client Component SSR:
    ./client/src/components/AppShell.tsx [Client Component SSR]
    ./client/src/app/carte/page.tsx [Client Component SSR]
    ./client/src/app/carte/page.tsx [Server Component]

https://nextjs.org/docs/messages/module-not-found


⨯ ./client/src/components/AppShell.tsx:4:1
Module not found: Can't resolve './BottomNav'
  [90m2 |[0m [36mimport[0m { [33mReactNode[0m } [36mfrom[0m [32m'react'[0m
  [90m3 |[0m [36mimport[0m [33mParticles[0m [36mfrom[0m [32m'./Particles'[0m
[31m[1m>[0m [90m4 |[0m [36mimport[0m [33mBottomNav[0m [36mfrom[0m [32m'./BottomNav'[0m
  [90m  |[0m [31m[1m^^^^^^^^^^^^^^^^^^^^^^^^^^^^^^^^^^^[0m
  [90m5 |[0m [36mimport[0m [33mFab[0m [36mfrom[0m [32m'./Fab'[0m
  [90m6 |[0m
  [90m7 |[0m [36mexport[0m [36mdefault[0m [36mfunction[0m [33mAppShell[0m({ children }: { children: [33mReactNode[0m }) {



Import traces:
  Client Component Browser:
    ./client/src/components/AppShell.tsx [Client Component Browser]
    ./client/src/app/profilo/page.tsx [Client Component Browser]
    ./client/src/app/profilo/page.tsx [Server Component]

  Client Component SSR:
    ./client/src/components/AppShell.tsx [Client Component SSR]
    ./client/src/app/profilo/page.tsx [Client Component SSR]
    ./client/src/app/profilo/page.tsx [Server Component]

https://nextjs.org/docs/messages/module-not-found


⨯ ./client/src/components/AppShell.tsx:4:1
Module not found: Can't resolve './BottomNav'
  [90m2 |[0m [36mimport[0m { [33mReactNode[0m } [36mfrom[0m [32m'react'[0m
  [90m3 |[0m [36mimport[0m [33mParticles[0m [36mfrom[0m [32m'./Particles'[0m
[31m[1m>[0m [90m4 |[0m [36mimport[0m [33mBottomNav[0m [36mfrom[0m [32m'./BottomNav'[0m
  [90m  |[0m [31m[1m^^^^^^^^^^^^^^^^^^^^^^^^^^^^^^^^^^^[0m
  [90m5 |[0m [36mimport[0m [33mFab[0m [36mfrom[0m [32m'./Fab'[0m
  [90m6 |[0m
  [90m7 |[0m [36mexport[0m [36mdefault[0m [36mfunction[0m [33mAppShell[0m({ children }: { children: [33mReactNode[0m }) {



Import traces:
  Client Component Browser:
    ./client/src/components/AppShell.tsx [Client Component Browser]
    ./client/src/app/profilo/page.tsx [Client Component Browser]
    ./client/src/app/profilo/page.tsx [Server Component]

  Client Component SSR:
    ./client/src/components/AppShell.tsx [Client Component SSR]
    ./client/src/app/profilo/page.tsx [Client Component SSR]
    ./client/src/app/profilo/page.tsx [Server Component]

https://nextjs.org/docs/messages/module-not-found


⨯ ./client/src/components/AppShell.tsx:4:1
Module not found: Can't resolve './BottomNav'
  [90m2 |[0m [36mimport[0m { [33mReactNode[0m } [36mfrom[0m [32m'react'[0m
  [90m3 |[0m [36mimport[0m [33mParticles[0m [36mfrom[0m [32m'./Particles'[0m
[31m[1m>[0m [90m4 |[0m [36mimport[0m [33mBottomNav[0m [36mfrom[0m [32m'./BottomNav'[0m
  [90m  |[0m [31m[1m^^^^^^^^^^^^^^^^^^^^^^^^^^^^^^^^^^^[0m
  [90m5 |[0m [36mimport[0m [33mFab[0m [36mfrom[0m [32m'./Fab'[0m
  [90m6 |[0m
  [90m7 |[0m [36mexport[0m [36mdefault[0m [36mfunction[0m [33mAppShell[0m({ children }: { children: [33mReactNode[0m }) {



Import traces:
  Client Component Browser:
    ./client/src/components/AppShell.tsx [Client Component Browser]
    ./client/src/app/profilo/page.tsx [Client Component Browser]
    ./client/src/app/profilo/page.tsx [Server Component]

  Client Component SSR:
    ./client/src/components/AppShell.tsx [Client Component SSR]
    ./client/src/app/profilo/page.tsx [Client Component SSR]
    ./client/src/app/profilo/page.tsx [Server Component]

https://nextjs.org/docs/messages/module-not-found


⨯ ./client/src/components/AppShell.tsx:4:1
Module not found: Can't resolve './BottomNav'
  [90m2 |[0m [36mimport[0m { [33mReactNode[0m } [36mfrom[0m [32m'react'[0m
  [90m3 |[0m [36mimport[0m [33mParticles[0m [36mfrom[0m [32m'./Particles'[0m
[31m[1m>[0m [90m4 |[0m [36mimport[0m [33mBottomNav[0m [36mfrom[0m [32m'./BottomNav'[0m
  [90m  |[0m [31m[1m^^^^^^^^^^^^^^^^^^^^^^^^^^^^^^^^^^^[0m
  [90m5 |[0m [36mimport[0m [33mFab[0m [36mfrom[0m [32m'./Fab'[0m
  [90m6 |[0m
  [90m7 |[0m [36mexport[0m [36mdefault[0m [36mfunction[0m [33mAppShell[0m({ children }: { children: [33mReactNode[0m }) {



Import traces:
  Client Component Browser:
    ./client/src/components/AppShell.tsx [Client Component Browser]
    ./client/src/app/profilo/page.tsx [Client Component Browser]
    ./client/src/app/profilo/page.tsx [Server Component]

  Client Component SSR:
    ./client/src/components/AppShell.tsx [Client Component SSR]
    ./client/src/app/profilo/page.tsx [Client Component SSR]
    ./client/src/app/profilo/page.tsx [Server Component]

https://nextjs.org/docs/messages/module-not-found


⨯ ./client/src/components/AppShell.tsx:5:1
Module not found: Can't resolve './Fab'
  [90m3 |[0m [36mimport[0m [33mParticles[0m [36mfrom[0m [32m'./Particles'[0m
  [90m4 |[0m [36mimport[0m [33mBottomNav[0m [36mfrom[0m [32m'./BottomNav'[0m
[31m[1m>[0m [90m5 |[0m [36mimport[0m [33mFab[0m [36mfrom[0m [32m'./Fab'[0m
  [90m  |[0m [31m[1m^^^^^^^^^^^^^^^^^^^^^^^[0m
  [90m6 |[0m
  [90m7 |[0m [36mexport[0m [36mdefault[0m [36mfunction[0m [33mAppShell[0m({ children }: { children: [33mReactNode[0m }) {
  [90m8 |[0m   [36mreturn[0m (



Import traces:
  Client Component Browser:
    ./client/src/components/AppShell.tsx [Client Component Browser]
    ./client/src/app/profilo/page.tsx [Client Component Browser]
    ./client/src/app/profilo/page.tsx [Server Component]

  Client Component SSR:
    ./client/src/components/AppShell.tsx [Client Component SSR]
    ./client/src/app/profilo/page.tsx [Client Component SSR]
    ./client/src/app/profilo/page.tsx [Server Component]

https://nextjs.org/docs/messages/module-not-found


⨯ ./client/src/components/AppShell.tsx:5:1
Module not found: Can't resolve './Fab'
  [90m3 |[0m [36mimport[0m [33mParticles[0m [36mfrom[0m [32m'./Particles'[0m
  [90m4 |[0m [36mimport[0m [33mBottomNav[0m [36mfrom[0m [32m'./BottomNav'[0m
[31m[1m>[0m [90m5 |[0m [36mimport[0m [33mFab[0m [36mfrom[0m [32m'./Fab'[0m
  [90m  |[0m [31m[1m^^^^^^^^^^^^^^^^^^^^^^^[0m
  [90m6 |[0m
  [90m7 |[0m [36mexport[0m [36mdefault[0m [36mfunction[0m [33mAppShell[0m({ children }: { children: [33mReactNode[0m }) {
  [90m8 |[0m   [36mreturn[0m (



Import traces:
  Client Component Browser:
    ./client/src/components/AppShell.tsx [Client Component Browser]
    ./client/src/app/profilo/page.tsx [Client Component Browser]
    ./client/src/app/profilo/page.tsx [Server Component]

  Client Component SSR:
    ./client/src/components/AppShell.tsx [Client Component SSR]
    ./client/src/app/profilo/page.tsx [Client Component SSR]
    ./client/src/app/profilo/page.tsx [Server Component]

https://nextjs.org/docs/messages/module-not-found


⨯ ./client/src/components/AppShell.tsx:5:1
Module not found: Can't resolve './Fab'
  [90m3 |[0m [36mimport[0m [33mParticles[0m [36mfrom[0m [32m'./Particles'[0m
  [90m4 |[0m [36mimport[0m [33mBottomNav[0m [36mfrom[0m [32m'./BottomNav'[0m
[31m[1m>[0m [90m5 |[0m [36mimport[0m [33mFab[0m [36mfrom[0m [32m'./Fab'[0m
  [90m  |[0m [31m[1m^^^^^^^^^^^^^^^^^^^^^^^[0m
  [90m6 |[0m
  [90m7 |[0m [36mexport[0m [36mdefault[0m [36mfunction[0m [33mAppShell[0m({ children }: { children: [33mReactNode[0m }) {
  [90m8 |[0m   [36mreturn[0m (



Import traces:
  Client Component Browser:
    ./client/src/components/AppShell.tsx [Client Component Browser]
    ./client/src/app/profilo/page.tsx [Client Component Browser]
    ./client/src/app/profilo/page.tsx [Server Component]

  Client Component SSR:
    ./client/src/components/AppShell.tsx [Client Component SSR]
    ./client/src/app/profilo/page.tsx [Client Component SSR]
    ./client/src/app/profilo/page.tsx [Server Component]

https://nextjs.org/docs/messages/module-not-found


⨯ ./client/src/components/AppShell.tsx:5:1
Module not found: Can't resolve './Fab'
  [90m3 |[0m [36mimport[0m [33mParticles[0m [36mfrom[0m [32m'./Particles'[0m
  [90m4 |[0m [36mimport[0m [33mBottomNav[0m [36mfrom[0m [32m'./BottomNav'[0m
[31m[1m>[0m [90m5 |[0m [36mimport[0m [33mFab[0m [36mfrom[0m [32m'./Fab'[0m
  [90m  |[0m [31m[1m^^^^^^^^^^^^^^^^^^^^^^^[0m
  [90m6 |[0m
  [90m7 |[0m [36mexport[0m [36mdefault[0m [36mfunction[0m [33mAppShell[0m({ children }: { children: [33mReactNode[0m }) {
  [90m8 |[0m   [36mreturn[0m (



Import traces:
  Client Component Browser:
    ./client/src/components/AppShell.tsx [Client Component Browser]
    ./client/src/app/profilo/page.tsx [Client Component Browser]
    ./client/src/app/profilo/page.tsx [Server Component]

  Client Component SSR:
    ./client/src/components/AppShell.tsx [Client Component SSR]
    ./client/src/app/profilo/page.tsx [Client Component SSR]
    ./client/src/app/profilo/page.tsx [Server Component]

https://nextjs.org/docs/messages/module-not-found


⨯ ./client/src/components/AppShell.tsx:4:1
Module not found: Can't resolve './BottomNav'
  [90m2 |[0m [36mimport[0m { [33mReactNode[0m } [36mfrom[0m [32m'react'[0m
  [90m3 |[0m [36mimport[0m [33mParticles[0m [36mfrom[0m [32m'./Particles'[0m
[31m[1m>[0m [90m4 |[0m [36mimport[0m [33mBottomNav[0m [36mfrom[0m [32m'./BottomNav'[0m
  [90m  |[0m [31m[1m^^^^^^^^^^^^^^^^^^^^^^^^^^^^^^^^^^^[0m
  [90m5 |[0m [36mimport[0m [33mFab[0m [36mfrom[0m [32m'./Fab'[0m
  [90m6 |[0m
  [90m7 |[0m [36mexport[0m [36mdefault[0m [36mfunction[0m [33mAppShell[0m({ children }: { children: [33mReactNode[0m }) {



Import traces:
  Client Component Browser:
    ./client/src/components/AppShell.tsx [Client Component Browser]
    ./client/src/app/dashboard/page.tsx [Client Component Browser]
    ./client/src/app/dashboard/page.tsx [Server Component]

  Client Component SSR:
    ./client/src/components/AppShell.tsx [Client Component SSR]
    ./client/src/app/dashboard/page.tsx [Client Component SSR]
    ./client/src/app/dashboard/page.tsx [Server Component]

https://nextjs.org/docs/messages/module-not-found


⨯ ./client/src/components/AppShell.tsx:4:1
Module not found: Can't resolve './BottomNav'
  [90m2 |[0m [36mimport[0m { [33mReactNode[0m } [36mfrom[0m [32m'react'[0m
  [90m3 |[0m [36mimport[0m [33mParticles[0m [36mfrom[0m [32m'./Particles'[0m
[31m[1m>[0m [90m4 |[0m [36mimport[0m [33mBottomNav[0m [36mfrom[0m [32m'./BottomNav'[0m
  [90m  |[0m [31m[1m^^^^^^^^^^^^^^^^^^^^^^^^^^^^^^^^^^^[0m
  [90m5 |[0m [36mimport[0m [33mFab[0m [36mfrom[0m [32m'./Fab'[0m
  [90m6 |[0m
  [90m7 |[0m [36mexport[0m [36mdefault[0m [36mfunction[0m [33mAppShell[0m({ children }: { children: [33mReactNode[0m }) {



Import traces:
  Client Component Browser:
    ./client/src/components/AppShell.tsx [Client Component Browser]
    ./client/src/app/dashboard/page.tsx [Client Component Browser]
    ./client/src/app/dashboard/page.tsx [Server Component]

  Client Component SSR:
    ./client/src/components/AppShell.tsx [Client Component SSR]
    ./client/src/app/dashboard/page.tsx [Client Component SSR]
    ./client/src/app/dashboard/page.tsx [Server Component]

https://nextjs.org/docs/messages/module-not-found


⨯ ./client/src/components/AppShell.tsx:4:1
Module not found: Can't resolve './BottomNav'
  [90m2 |[0m [36mimport[0m { [33mReactNode[0m } [36mfrom[0m [32m'react'[0m
  [90m3 |[0m [36mimport[0m [33mParticles[0m [36mfrom[0m [32m'./Particles'[0m
[31m[1m>[0m [90m4 |[0m [36mimport[0m [33mBottomNav[0m [36mfrom[0m [32m'./BottomNav'[0m
  [90m  |[0m [31m[1m^^^^^^^^^^^^^^^^^^^^^^^^^^^^^^^^^^^[0m
  [90m5 |[0m [36mimport[0m [33mFab[0m [36mfrom[0m [32m'./Fab'[0m
  [90m6 |[0m
  [90m7 |[0m [36mexport[0m [36mdefault[0m [36mfunction[0m [33mAppShell[0m({ children }: { children: [33mReactNode[0m }) {



Import traces:
  Client Component Browser:
    ./client/src/components/AppShell.tsx [Client Component Browser]
    ./client/src/app/dashboard/page.tsx [Client Component Browser]
    ./client/src/app/dashboard/page.tsx [Server Component]

  Client Component SSR:
    ./client/src/components/AppShell.tsx [Client Component SSR]
    ./client/src/app/dashboard/page.tsx [Client Component SSR]
    ./client/src/app/dashboard/page.tsx [Server Component]

https://nextjs.org/docs/messages/module-not-found


⨯ ./client/src/components/AppShell.tsx:4:1
Module not found: Can't resolve './BottomNav'
  [90m2 |[0m [36mimport[0m { [33mReactNode[0m } [36mfrom[0m [32m'react'[0m
  [90m3 |[0m [36mimport[0m [33mParticles[0m [36mfrom[0m [32m'./Particles'[0m
[31m[1m>[0m [90m4 |[0m [36mimport[0m [33mBottomNav[0m [36mfrom[0m [32m'./BottomNav'[0m
  [90m  |[0m [31m[1m^^^^^^^^^^^^^^^^^^^^^^^^^^^^^^^^^^^[0m
  [90m5 |[0m [36mimport[0m [33mFab[0m [36mfrom[0m [32m'./Fab'[0m
  [90m6 |[0m
  [90m7 |[0m [36mexport[0m [36mdefault[0m [36mfunction[0m [33mAppShell[0m({ children }: { children: [33mReactNode[0m }) {



Import traces:
  Client Component Browser:
    ./client/src/components/AppShell.tsx [Client Component Browser]
    ./client/src/app/dashboard/page.tsx [Client Component Browser]
    ./client/src/app/dashboard/page.tsx [Server Component]

  Client Component SSR:
    ./client/src/components/AppShell.tsx [Client Component SSR]
    ./client/src/app/dashboard/page.tsx [Client Component SSR]
    ./client/src/app/dashboard/page.tsx [Server Component]

https://nextjs.org/docs/messages/module-not-found


⨯ ./client/src/components/AppShell.tsx:5:1
Module not found: Can't resolve './Fab'
  [90m3 |[0m [36mimport[0m [33mParticles[0m [36mfrom[0m [32m'./Particles'[0m
  [90m4 |[0m [36mimport[0m [33mBottomNav[0m [36mfrom[0m [32m'./BottomNav'[0m
[31m[1m>[0m [90m5 |[0m [36mimport[0m [33mFab[0m [36mfrom[0m [32m'./Fab'[0m
  [90m  |[0m [31m[1m^^^^^^^^^^^^^^^^^^^^^^^[0m
  [90m6 |[0m
  [90m7 |[0m [36mexport[0m [36mdefault[0m [36mfunction[0m [33mAppShell[0m({ children }: { children: [33mReactNode[0m }) {
  [90m8 |[0m   [36mreturn[0m (



Import traces:
  Client Component Browser:
    ./client/src/components/AppShell.tsx [Client Component Browser]
    ./client/src/app/dashboard/page.tsx [Client Component Browser]
    ./client/src/app/dashboard/page.tsx [Server Component]

  Client Component SSR:
    ./client/src/components/AppShell.tsx [Client Component SSR]
    ./client/src/app/dashboard/page.tsx [Client Component SSR]
    ./client/src/app/dashboard/page.tsx [Server Component]

https://nextjs.org/docs/messages/module-not-found


⨯ ./client/src/components/AppShell.tsx:5:1
Module not found: Can't resolve './Fab'
  [90m3 |[0m [36mimport[0m [33mParticles[0m [36mfrom[0m [32m'./Particles'[0m
  [90m4 |[0m [36mimport[0m [33mBottomNav[0m [36mfrom[0m [32m'./BottomNav'[0m
[31m[1m>[0m [90m5 |[0m [36mimport[0m [33mFab[0m [36mfrom[0m [32m'./Fab'[0m
  [90m  |[0m [31m[1m^^^^^^^^^^^^^^^^^^^^^^^[0m
  [90m6 |[0m
  [90m7 |[0m [36mexport[0m [36mdefault[0m [36mfunction[0m [33mAppShell[0m({ children }: { children: [33mReactNode[0m }) {
  [90m8 |[0m   [36mreturn[0m (



Import traces:
  Client Component Browser:
    ./client/src/components/AppShell.tsx [Client Component Browser]
    ./client/src/app/dashboard/page.tsx [Client Component Browser]
    ./client/src/app/dashboard/page.tsx [Server Component]

  Client Component SSR:
    ./client/src/components/AppShell.tsx [Client Component SSR]
    ./client/src/app/dashboard/page.tsx [Client Component SSR]
    ./client/src/app/dashboard/page.tsx [Server Component]

https://nextjs.org/docs/messages/module-not-found


⨯ ./client/src/components/AppShell.tsx:5:1
Module not found: Can't resolve './Fab'
  [90m3 |[0m [36mimport[0m [33mParticles[0m [36mfrom[0m [32m'./Particles'[0m
  [90m4 |[0m [36mimport[0m [33mBottomNav[0m [36mfrom[0m [32m'./BottomNav'[0m
[31m[1m>[0m [90m5 |[0m [36mimport[0m [33mFab[0m [36mfrom[0m [32m'./Fab'[0m
  [90m  |[0m [31m[1m^^^^^^^^^^^^^^^^^^^^^^^[0m
  [90m6 |[0m
  [90m7 |[0m [36mexport[0m [36mdefault[0m [36mfunction[0m [33mAppShell[0m({ children }: { children: [33mReactNode[0m }) {
  [90m8 |[0m   [36mreturn[0m (



Import traces:
  Client Component Browser:
    ./client/src/components/AppShell.tsx [Client Component Browser]
    ./client/src/app/dashboard/page.tsx [Client Component Browser]
    ./client/src/app/dashboard/page.tsx [Server Component]

  Client Component SSR:
    ./client/src/components/AppShell.tsx [Client Component SSR]
    ./client/src/app/dashboard/page.tsx [Client Component SSR]
    ./client/src/app/dashboard/page.tsx [Server Component]

https://nextjs.org/docs/messages/module-not-found


⨯ ./client/src/components/AppShell.tsx:5:1
Module not found: Can't resolve './Fab'
  [90m3 |[0m [36mimport[0m [33mParticles[0m [36mfrom[0m [32m'./Particles'[0m
  [90m4 |[0m [36mimport[0m [33mBottomNav[0m [36mfrom[0m [32m'./BottomNav'[0m
[31m[1m>[0m [90m5 |[0m [36mimport[0m [33mFab[0m [36mfrom[0m [32m'./Fab'[0m
  [90m  |[0m [31m[1m^^^^^^^^^^^^^^^^^^^^^^^[0m
  [90m6 |[0m
  [90m7 |[0m [36mexport[0m [36mdefault[0m [36mfunction[0m [33mAppShell[0m({ children }: { children: [33mReactNode[0m }) {
  [90m8 |[0m   [36mreturn[0m (



Import traces:
  Client Component Browser:
    ./client/src/components/AppShell.tsx [Client Component Browser]
    ./client/src/app/dashboard/page.tsx [Client Component Browser]
    ./client/src/app/dashboard/page.tsx [Server Component]

  Client Component SSR:
    ./client/src/components/AppShell.tsx [Client Component SSR]
    ./client/src/app/dashboard/page.tsx [Client Component SSR]
    ./client/src/app/dashboard/page.tsx [Server Component]

https://nextjs.org/docs/messages/module-not-found


⨯ ./client/src/components/AppShell.tsx:4:1
Module not found: Can't resolve './BottomNav'
  [90m2 |[0m [36mimport[0m { [33mReactNode[0m } [36mfrom[0m [32m'react'[0m
  [90m3 |[0m [36mimport[0m [33mParticles[0m [36mfrom[0m [32m'./Particles'[0m
[31m[1m>[0m [90m4 |[0m [36mimport[0m [33mBottomNav[0m [36mfrom[0m [32m'./BottomNav'[0m
  [90m  |[0m [31m[1m^^^^^^^^^^^^^^^^^^^^^^^^^^^^^^^^^^^[0m
  [90m5 |[0m [36mimport[0m [33mFab[0m [36mfrom[0m [32m'./Fab'[0m
  [90m6 |[0m
  [90m7 |[0m [36mexport[0m [36mdefault[0m [36mfunction[0m [33mAppShell[0m({ children }: { children: [33mReactNode[0m }) {



Import traces:
  Client Component Browser:
    ./client/src/components/AppShell.tsx [Client Component Browser]
    ./client/src/app/movimenti/page.tsx [Client Component Browser]
    ./client/src/app/movimenti/page.tsx [Server Component]

  Client Component SSR:
    ./client/src/components/AppShell.tsx [Client Component SSR]
    ./client/src/app/movimenti/page.tsx [Client Component SSR]
    ./client/src/app/movimenti/page.tsx [Server Component]

https://nextjs.org/docs/messages/module-not-found


⨯ ./client/src/components/AppShell.tsx:4:1
Module not found: Can't resolve './BottomNav'
  [90m2 |[0m [36mimport[0m { [33mReactNode[0m } [36mfrom[0m [32m'react'[0m
  [90m3 |[0m [36mimport[0m [33mParticles[0m [36mfrom[0m [32m'./Particles'[0m
[31m[1m>[0m [90m4 |[0m [36mimport[0m [33mBottomNav[0m [36mfrom[0m [32m'./BottomNav'[0m
  [90m  |[0m [31m[1m^^^^^^^^^^^^^^^^^^^^^^^^^^^^^^^^^^^[0m
  [90m5 |[0m [36mimport[0m [33mFab[0m [36mfrom[0m [32m'./Fab'[0m
  [90m6 |[0m
  [90m7 |[0m [36mexport[0m [36mdefault[0m [36mfunction[0m [33mAppShell[0m({ children }: { children: [33mReactNode[0m }) {



Import traces:
  Client Component Browser:
    ./client/src/components/AppShell.tsx [Client Component Browser]
    ./client/src/app/movimenti/page.tsx [Client Component Browser]
    ./client/src/app/movimenti/page.tsx [Server Component]

  Client Component SSR:
    ./client/src/components/AppShell.tsx [Client Component SSR]
    ./client/src/app/movimenti/page.tsx [Client Component SSR]
    ./client/src/app/movimenti/page.tsx [Server Component]

https://nextjs.org/docs/messages/module-not-found


⨯ ./client/src/components/AppShell.tsx:4:1
Module not found: Can't resolve './BottomNav'
  [90m2 |[0m [36mimport[0m { [33mReactNode[0m } [36mfrom[0m [32m'react'[0m
  [90m3 |[0m [36mimport[0m [33mParticles[0m [36mfrom[0m [32m'./Particles'[0m
[31m[1m>[0m [90m4 |[0m [36mimport[0m [33mBottomNav[0m [36mfrom[0m [32m'./BottomNav'[0m
  [90m  |[0m [31m[1m^^^^^^^^^^^^^^^^^^^^^^^^^^^^^^^^^^^[0m
  [90m5 |[0m [36mimport[0m [33mFab[0m [36mfrom[0m [32m'./Fab'[0m
  [90m6 |[0m
  [90m7 |[0m [36mexport[0m [36mdefault[0m [36mfunction[0m [33mAppShell[0m({ children }: { children: [33mReactNode[0m }) {



Import traces:
  Client Component Browser:
    ./client/src/components/AppShell.tsx [Client Component Browser]
    ./client/src/app/movimenti/page.tsx [Client Component Browser]
    ./client/src/app/movimenti/page.tsx [Server Component]

  Client Component SSR:
    ./client/src/components/AppShell.tsx [Client Component SSR]
    ./client/src/app/movimenti/page.tsx [Client Component SSR]
    ./client/src/app/movimenti/page.tsx [Server Component]

https://nextjs.org/docs/messages/module-not-found


⨯ ./client/src/components/AppShell.tsx:4:1
Module not found: Can't resolve './BottomNav'
  [90m2 |[0m [36mimport[0m { [33mReactNode[0m } [36mfrom[0m [32m'react'[0m
  [90m3 |[0m [36mimport[0m [33mParticles[0m [36mfrom[0m [32m'./Particles'[0m
[31m[1m>[0m [90m4 |[0m [36mimport[0m [33mBottomNav[0m [36mfrom[0m [32m'./BottomNav'[0m
  [90m  |[0m [31m[1m^^^^^^^^^^^^^^^^^^^^^^^^^^^^^^^^^^^[0m
  [90m5 |[0m [36mimport[0m [33mFab[0m [36mfrom[0m [32m'./Fab'[0m
  [90m6 |[0m
  [90m7 |[0m [36mexport[0m [36mdefault[0m [36mfunction[0m [33mAppShell[0m({ children }: { children: [33mReactNode[0m }) {



Import traces:
  Client Component Browser:
    ./client/src/components/AppShell.tsx [Client Component Browser]
    ./client/src/app/movimenti/page.tsx [Client Component Browser]
    ./client/src/app/movimenti/page.tsx [Server Component]

  Client Component SSR:
    ./client/src/components/AppShell.tsx [Client Component SSR]
    ./client/src/app/movimenti/page.tsx [Client Component SSR]
    ./client/src/app/movimenti/page.tsx [Server Component]

https://nextjs.org/docs/messages/module-not-found


⨯ ./client/src/components/AppShell.tsx:5:1
Module not found: Can't resolve './Fab'
  [90m3 |[0m [36mimport[0m [33mParticles[0m [36mfrom[0m [32m'./Particles'[0m
  [90m4 |[0m [36mimport[0m [33mBottomNav[0m [36mfrom[0m [32m'./BottomNav'[0m
[31m[1m>[0m [90m5 |[0m [36mimport[0m [33mFab[0m [36mfrom[0m [32m'./Fab'[0m
  [90m  |[0m [31m[1m^^^^^^^^^^^^^^^^^^^^^^^[0m
  [90m6 |[0m
  [90m7 |[0m [36mexport[0m [36mdefault[0m [36mfunction[0m [33mAppShell[0m({ children }: { children: [33mReactNode[0m }) {
  [90m8 |[0m   [36mreturn[0m (



Import traces:
  Client Component Browser:
    ./client/src/components/AppShell.tsx [Client Component Browser]
    ./client/src/app/movimenti/page.tsx [Client Component Browser]
    ./client/src/app/movimenti/page.tsx [Server Component]

  Client Component SSR:
    ./client/src/components/AppShell.tsx [Client Component SSR]
    ./client/src/app/movimenti/page.tsx [Client Component SSR]
    ./client/src/app/movimenti/page.tsx [Server Component]

https://nextjs.org/docs/messages/module-not-found


⨯ ./client/src/components/AppShell.tsx:5:1
Module not found: Can't resolve './Fab'
  [90m3 |[0m [36mimport[0m [33mParticles[0m [36mfrom[0m [32m'./Particles'[0m
  [90m4 |[0m [36mimport[0m [33mBottomNav[0m [36mfrom[0m [32m'./BottomNav'[0m
[31m[1m>[0m [90m5 |[0m [36mimport[0m [33mFab[0m [36mfrom[0m [32m'./Fab'[0m
  [90m  |[0m [31m[1m^^^^^^^^^^^^^^^^^^^^^^^[0m
  [90m6 |[0m
  [90m7 |[0m [36mexport[0m [36mdefault[0m [36mfunction[0m [33mAppShell[0m({ children }: { children: [33mReactNode[0m }) {
  [90m8 |[0m   [36mreturn[0m (



Import traces:
  Client Component Browser:
    ./client/src/components/AppShell.tsx [Client Component Browser]
    ./client/src/app/movimenti/page.tsx [Client Component Browser]
    ./client/src/app/movimenti/page.tsx [Server Component]

  Client Component SSR:
    ./client/src/components/AppShell.tsx [Client Component SSR]
    ./client/src/app/movimenti/page.tsx [Client Component SSR]
    ./client/src/app/movimenti/page.tsx [Server Component]

https://nextjs.org/docs/messages/module-not-found


⨯ ./client/src/components/AppShell.tsx:5:1
Module not found: Can't resolve './Fab'
  [90m3 |[0m [36mimport[0m [33mParticles[0m [36mfrom[0m [32m'./Particles'[0m
  [90m4 |[0m [36mimport[0m [33mBottomNav[0m [36mfrom[0m [32m'./BottomNav'[0m
[31m[1m>[0m [90m5 |[0m [36mimport[0m [33mFab[0m [36mfrom[0m [32m'./Fab'[0m
  [90m  |[0m [31m[1m^^^^^^^^^^^^^^^^^^^^^^^[0m
  [90m6 |[0m
  [90m7 |[0m [36mexport[0m [36mdefault[0m [36mfunction[0m [33mAppShell[0m({ children }: { children: [33mReactNode[0m }) {
  [90m8 |[0m   [36mreturn[0m (



Import traces:
  Client Component Browser:
    ./client/src/components/AppShell.tsx [Client Component Browser]
    ./client/src/app/movimenti/page.tsx [Client Component Browser]
    ./client/src/app/movimenti/page.tsx [Server Component]

  Client Component SSR:
    ./client/src/components/AppShell.tsx [Client Component SSR]
    ./client/src/app/movimenti/page.tsx [Client Component SSR]
    ./client/src/app/movimenti/page.tsx [Server Component]

https://nextjs.org/docs/messages/module-not-found


⨯ ./client/src/components/AppShell.tsx:5:1
Module not found: Can't resolve './Fab'
  [90m3 |[0m [36mimport[0m [33mParticles[0m [36mfrom[0m [32m'./Particles'[0m
  [90m4 |[0m [36mimport[0m [33mBottomNav[0m [36mfrom[0m [32m'./BottomNav'[0m
[31m[1m>[0m [90m5 |[0m [36mimport[0m [33mFab[0m [36mfrom[0m [32m'./Fab'[0m
  [90m  |[0m [31m[1m^^^^^^^^^^^^^^^^^^^^^^^[0m
  [90m6 |[0m
  [90m7 |[0m [36mexport[0m [36mdefault[0m [36mfunction[0m [33mAppShell[0m({ children }: { children: [33mReactNode[0m }) {
  [90m8 |[0m   [36mreturn[0m (



Import traces:
  Client Component Browser:
    ./client/src/components/AppShell.tsx [Client Component Browser]
    ./client/src/app/movimenti/page.tsx [Client Component Browser]
    ./client/src/app/movimenti/page.tsx [Server Component]

  Client Component SSR:
    ./client/src/components/AppShell.tsx [Client Component SSR]
    ./client/src/app/movimenti/page.tsx [Client Component SSR]
    ./client/src/app/movimenti/page.tsx [Server Component]

https://nextjs.org/docs/messages/module-not-found


⨯ ./client/src/components/AppShell.tsx:4:1
Module not found: Can't resolve './BottomNav'
  [90m2 |[0m [36mimport[0m { [33mReactNode[0m } [36mfrom[0m [32m'react'[0m
  [90m3 |[0m [36mimport[0m [33mParticles[0m [36mfrom[0m [32m'./Particles'[0m
[31m[1m>[0m [90m4 |[0m [36mimport[0m [33mBottomNav[0m [36mfrom[0m [32m'./BottomNav'[0m
  [90m  |[0m [31m[1m^^^^^^^^^^^^^^^^^^^^^^^^^^^^^^^^^^^[0m
  [90m5 |[0m [36mimport[0m [33mFab[0m [36mfrom[0m [32m'./Fab'[0m
  [90m6 |[0m
  [90m7 |[0m [36mexport[0m [36mdefault[0m [36mfunction[0m [33mAppShell[0m({ children }: { children: [33mReactNode[0m }) {



Import traces:
  Client Component Browser:
    ./client/src/components/AppShell.tsx [Client Component Browser]
    ./client/src/app/stats/page.tsx [Client Component Browser]
    ./client/src/app/stats/page.tsx [Server Component]

  Client Component SSR:
    ./client/src/components/AppShell.tsx [Client Component SSR]
    ./client/src/app/stats/page.tsx [Client Component SSR]
    ./client/src/app/stats/page.tsx [Server Component]

https://nextjs.org/docs/messages/module-not-found


⨯ ./client/src/components/AppShell.tsx:4:1
Module not found: Can't resolve './BottomNav'
  [90m2 |[0m [36mimport[0m { [33mReactNode[0m } [36mfrom[0m [32m'react'[0m
  [90m3 |[0m [36mimport[0m [33mParticles[0m [36mfrom[0m [32m'./Particles'[0m
[31m[1m>[0m [90m4 |[0m [36mimport[0m [33mBottomNav[0m [36mfrom[0m [32m'./BottomNav'[0m
  [90m  |[0m [31m[1m^^^^^^^^^^^^^^^^^^^^^^^^^^^^^^^^^^^[0m
  [90m5 |[0m [36mimport[0m [33mFab[0m [36mfrom[0m [32m'./Fab'[0m
  [90m6 |[0m
  [90m7 |[0m [36mexport[0m [36mdefault[0m [36mfunction[0m [33mAppShell[0m({ children }: { children: [33mReactNode[0m }) {



Import traces:
  Client Component Browser:
    ./client/src/components/AppShell.tsx [Client Component Browser]
    ./client/src/app/stats/page.tsx [Client Component Browser]
    ./client/src/app/stats/page.tsx [Server Component]

  Client Component SSR:
    ./client/src/components/AppShell.tsx [Client Component SSR]
    ./client/src/app/stats/page.tsx [Client Component SSR]
    ./client/src/app/stats/page.tsx [Server Component]

https://nextjs.org/docs/messages/module-not-found


⨯ ./client/src/components/AppShell.tsx:4:1
Module not found: Can't resolve './BottomNav'
  [90m2 |[0m [36mimport[0m { [33mReactNode[0m } [36mfrom[0m [32m'react'[0m
  [90m3 |[0m [36mimport[0m [33mParticles[0m [36mfrom[0m [32m'./Particles'[0m
[31m[1m>[0m [90m4 |[0m [36mimport[0m [33mBottomNav[0m [36mfrom[0m [32m'./BottomNav'[0m
  [90m  |[0m [31m[1m^^^^^^^^^^^^^^^^^^^^^^^^^^^^^^^^^^^[0m
  [90m5 |[0m [36mimport[0m [33mFab[0m [36mfrom[0m [32m'./Fab'[0m
  [90m6 |[0m
  [90m7 |[0m [36mexport[0m [36mdefault[0m [36mfunction[0m [33mAppShell[0m({ children }: { children: [33mReactNode[0m }) {



Import traces:
  Client Component Browser:
    ./client/src/components/AppShell.tsx [Client Component Browser]
    ./client/src/app/stats/page.tsx [Client Component Browser]
    ./client/src/app/stats/page.tsx [Server Component]

  Client Component SSR:
    ./client/src/components/AppShell.tsx [Client Component SSR]
    ./client/src/app/stats/page.tsx [Client Component SSR]
    ./client/src/app/stats/page.tsx [Server Component]

https://nextjs.org/docs/messages/module-not-found


⨯ ./client/src/components/AppShell.tsx:4:1
Module not found: Can't resolve './BottomNav'
  [90m2 |[0m [36mimport[0m { [33mReactNode[0m } [36mfrom[0m [32m'react'[0m
  [90m3 |[0m [36mimport[0m [33mParticles[0m [36mfrom[0m [32m'./Particles'[0m
[31m[1m>[0m [90m4 |[0m [36mimport[0m [33mBottomNav[0m [36mfrom[0m [32m'./BottomNav'[0m
  [90m  |[0m [31m[1m^^^^^^^^^^^^^^^^^^^^^^^^^^^^^^^^^^^[0m
  [90m5 |[0m [36mimport[0m [33mFab[0m [36mfrom[0m [32m'./Fab'[0m
  [90m6 |[0m
  [90m7 |[0m [36mexport[0m [36mdefault[0m [36mfunction[0m [33mAppShell[0m({ children }: { children: [33mReactNode[0m }) {



Import traces:
  Client Component Browser:
    ./client/src/components/AppShell.tsx [Client Component Browser]
    ./client/src/app/stats/page.tsx [Client Component Browser]
    ./client/src/app/stats/page.tsx [Server Component]

  Client Component SSR:
    ./client/src/components/AppShell.tsx [Client Component SSR]
    ./client/src/app/stats/page.tsx [Client Component SSR]
    ./client/src/app/stats/page.tsx [Server Component]

https://nextjs.org/docs/messages/module-not-found


⨯ ./client/src/components/AppShell.tsx:5:1
Module not found: Can't resolve './Fab'
  [90m3 |[0m [36mimport[0m [33mParticles[0m [36mfrom[0m [32m'./Particles'[0m
  [90m4 |[0m [36mimport[0m [33mBottomNav[0m [36mfrom[0m [32m'./BottomNav'[0m
[31m[1m>[0m [90m5 |[0m [36mimport[0m [33mFab[0m [36mfrom[0m [32m'./Fab'[0m
  [90m  |[0m [31m[1m^^^^^^^^^^^^^^^^^^^^^^^[0m
  [90m6 |[0m
  [90m7 |[0m [36mexport[0m [36mdefault[0m [36mfunction[0m [33mAppShell[0m({ children }: { children: [33mReactNode[0m }) {
  [90m8 |[0m   [36mreturn[0m (



Import traces:
  Client Component Browser:
    ./client/src/components/AppShell.tsx [Client Component Browser]
    ./client/src/app/stats/page.tsx [Client Component Browser]
    ./client/src/app/stats/page.tsx [Server Component]

  Client Component SSR:
    ./client/src/components/AppShell.tsx [Client Component SSR]
    ./client/src/app/stats/page.tsx [Client Component SSR]
    ./client/src/app/stats/page.tsx [Server Component]

https://nextjs.org/docs/messages/module-not-found


⨯ ./client/src/components/AppShell.tsx:5:1
Module not found: Can't resolve './Fab'
  [90m3 |[0m [36mimport[0m [33mParticles[0m [36mfrom[0m [32m'./Particles'[0m
  [90m4 |[0m [36mimport[0m [33mBottomNav[0m [36mfrom[0m [32m'./BottomNav'[0m
[31m[1m>[0m [90m5 |[0m [36mimport[0m [33mFab[0m [36mfrom[0m [32m'./Fab'[0m
  [90m  |[0m [31m[1m^^^^^^^^^^^^^^^^^^^^^^^[0m
  [90m6 |[0m
  [90m7 |[0m [36mexport[0m [36mdefault[0m [36mfunction[0m [33mAppShell[0m({ children }: { children: [33mReactNode[0m }) {
  [90m8 |[0m   [36mreturn[0m (



Import traces:
  Client Component Browser:
    ./client/src/components/AppShell.tsx [Client Component Browser]
    ./client/src/app/stats/page.tsx [Client Component Browser]
    ./client/src/app/stats/page.tsx [Server Component]

  Client Component SSR:
    ./client/src/components/AppShell.tsx [Client Component SSR]
    ./client/src/app/stats/page.tsx [Client Component SSR]
    ./client/src/app/stats/page.tsx [Server Component]

https://nextjs.org/docs/messages/module-not-found


⨯ ./client/src/components/AppShell.tsx:5:1
Module not found: Can't resolve './Fab'
  [90m3 |[0m [36mimport[0m [33mParticles[0m [36mfrom[0m [32m'./Particles'[0m
  [90m4 |[0m [36mimport[0m [33mBottomNav[0m [36mfrom[0m [32m'./BottomNav'[0m
[31m[1m>[0m [90m5 |[0m [36mimport[0m [33mFab[0m [36mfrom[0m [32m'./Fab'[0m
  [90m  |[0m [31m[1m^^^^^^^^^^^^^^^^^^^^^^^[0m
  [90m6 |[0m
  [90m7 |[0m [36mexport[0m [36mdefault[0m [36mfunction[0m [33mAppShell[0m({ children }: { children: [33mReactNode[0m }) {
  [90m8 |[0m   [36mreturn[0m (



Import traces:
  Client Component Browser:
    ./client/src/components/AppShell.tsx [Client Component Browser]
    ./client/src/app/stats/page.tsx [Client Component Browser]
    ./client/src/app/stats/page.tsx [Server Component]

  Client Component SSR:
    ./client/src/components/AppShell.tsx [Client Component SSR]
    ./client/src/app/stats/page.tsx [Client Component SSR]
    ./client/src/app/stats/page.tsx [Server Component]

https://nextjs.org/docs/messages/module-not-found


⨯ ./client/src/components/AppShell.tsx:5:1
Module not found: Can't resolve './Fab'
  [90m3 |[0m [36mimport[0m [33mParticles[0m [36mfrom[0m [32m'./Particles'[0m
  [90m4 |[0m [36mimport[0m [33mBottomNav[0m [36mfrom[0m [32m'./BottomNav'[0m
[31m[1m>[0m [90m5 |[0m [36mimport[0m [33mFab[0m [36mfrom[0m [32m'./Fab'[0m
  [90m  |[0m [31m[1m^^^^^^^^^^^^^^^^^^^^^^^[0m
  [90m6 |[0m
  [90m7 |[0m [36mexport[0m [36mdefault[0m [36mfunction[0m [33mAppShell[0m({ children }: { children: [33mReactNode[0m }) {
  [90m8 |[0m   [36mreturn[0m (



Import traces:
  Client Component Browser:
    ./client/src/components/AppShell.tsx [Client Component Browser]
    ./client/src/app/stats/page.tsx [Client Component Browser]
    ./client/src/app/stats/page.tsx [Server Component]

  Client Component SSR:
    ./client/src/components/AppShell.tsx [Client Component SSR]
    ./client/src/app/stats/page.tsx [Client Component SSR]
    ./client/src/app/stats/page.tsx [Server Component]

https://nextjs.org/docs/messages/module-not-found


⨯ ./client/src/components/AppShell.tsx:5:1
Module not found: Can't resolve './Fab'
  [90m3 |[0m [36mimport[0m [33mParticles[0m [36mfrom[0m [32m'./Particles'[0m
  [90m4 |[0m [36mimport[0m [33mBottomNav[0m [36mfrom[0m [32m'./BottomNav'[0m
[31m[1m>[0m [90m5 |[0m [36mimport[0m [33mFab[0m [36mfrom[0m [32m'./Fab'[0m
  [90m  |[0m [31m[1m^^^^^^^^^^^^^^^^^^^^^^^[0m
  [90m6 |[0m
  [90m7 |[0m [36mexport[0m [36mdefault[0m [36mfunction[0m [33mAppShell[0m({ children }: { children: [33mReactNode[0m }) {
  [90m8 |[0m   [36mreturn[0m (



Import traces:
  Client Component Browser:
    ./client/src/components/AppShell.tsx [Client Component Browser]
    ./client/src/app/carte/page.tsx [Client Component Browser]
    ./client/src/app/carte/page.tsx [Server Component]

  Client Component SSR:
    ./client/src/components/AppShell.tsx [Client Component SSR]
    ./client/src/app/carte/page.tsx [Client Component SSR]
    ./client/src/app/carte/page.tsx [Server Component]

https://nextjs.org/docs/messages/module-not-found


⨯ ./client/src/components/AppShell.tsx:5:1
Module not found: Can't resolve './Fab'
  [90m3 |[0m [36mimport[0m [33mParticles[0m [36mfrom[0m [32m'./Particles'[0m
  [90m4 |[0m [36mimport[0m [33mBottomNav[0m [36mfrom[0m [32m'./BottomNav'[0m
[31m[1m>[0m [90m5 |[0m [36mimport[0m [33mFab[0m [36mfrom[0m [32m'./Fab'[0m
  [90m  |[0m [31m[1m^^^^^^^^^^^^^^^^^^^^^^^[0m
  [90m6 |[0m
  [90m7 |[0m [36mexport[0m [36mdefault[0m [36mfunction[0m [33mAppShell[0m({ children }: { children: [33mReactNode[0m }) {
  [90m8 |[0m   [36mreturn[0m (



Import traces:
  Client Component Browser:
    ./client/src/components/AppShell.tsx [Client Component Browser]
    ./client/src/app/carte/page.tsx [Client Component Browser]
    ./client/src/app/carte/page.tsx [Server Component]

  Client Component SSR:
    ./client/src/components/AppShell.tsx [Client Component SSR]
    ./client/src/app/carte/page.tsx [Client Component SSR]
    ./client/src/app/carte/page.tsx [Server Component]

https://nextjs.org/docs/messages/module-not-found


⨯ ./client/src/components/AppShell.tsx:5:1
Module not found: Can't resolve './Fab'
  [90m3 |[0m [36mimport[0m [33mParticles[0m [36mfrom[0m [32m'./Particles'[0m
  [90m4 |[0m [36mimport[0m [33mBottomNav[0m [36mfrom[0m [32m'./BottomNav'[0m
[31m[1m>[0m [90m5 |[0m [36mimport[0m [33mFab[0m [36mfrom[0m [32m'./Fab'[0m
  [90m  |[0m [31m[1m^^^^^^^^^^^^^^^^^^^^^^^[0m
  [90m6 |[0m
  [90m7 |[0m [36mexport[0m [36mdefault[0m [36mfunction[0m [33mAppShell[0m({ children }: { children: [33mReactNode[0m }) {
  [90m8 |[0m   [36mreturn[0m (



Import traces:
  Client Component Browser:
    ./client/src/components/AppShell.tsx [Client Component Browser]
    ./client/src/app/carte/page.tsx [Client Component Browser]
    ./client/src/app/carte/page.tsx [Server Component]

  Client Component SSR:
    ./client/src/components/AppShell.tsx [Client Component SSR]
    ./client/src/app/carte/page.tsx [Client Component SSR]
    ./client/src/app/carte/page.tsx [Server Component]

https://nextjs.org/docs/messages/module-not-found


⨯ ./client/src/components/AppShell.tsx:5:1
Module not found: Can't resolve './Fab'
  [90m3 |[0m [36mimport[0m [33mParticles[0m [36mfrom[0m [32m'./Particles'[0m
  [90m4 |[0m [36mimport[0m [33mBottomNav[0m [36mfrom[0m [32m'./BottomNav'[0m
[31m[1m>[0m [90m5 |[0m [36mimport[0m [33mFab[0m [36mfrom[0m [32m'./Fab'[0m
  [90m  |[0m [31m[1m^^^^^^^^^^^^^^^^^^^^^^^[0m
  [90m6 |[0m
  [90m7 |[0m [36mexport[0m [36mdefault[0m [36mfunction[0m [33mAppShell[0m({ children }: { children: [33mReactNode[0m }) {
  [90m8 |[0m   [36mreturn[0m (



Import traces:
  Client Component Browser:
    ./client/src/components/AppShell.tsx [Client Component Browser]
    ./client/src/app/carte/page.tsx [Client Component Browser]
    ./client/src/app/carte/page.tsx [Server Component]

  Client Component SSR:
    ./client/src/components/AppShell.tsx [Client Component SSR]
    ./client/src/app/carte/page.tsx [Client Component SSR]
    ./client/src/app/carte/page.tsx [Server Component]

https://nextjs.org/docs/messages/module-not-found


⨯ ./client/src/components/AppShell.tsx:5:1
Module not found: Can't resolve './Fab'
  [90m3 |[0m [36mimport[0m [33mParticles[0m [36mfrom[0m [32m'./Particles'[0m
  [90m4 |[0m [36mimport[0m [33mBottomNav[0m [36mfrom[0m [32m'./BottomNav'[0m
[31m[1m>[0m [90m5 |[0m [36mimport[0m [33mFab[0m [36mfrom[0m [32m'./Fab'[0m
  [90m  |[0m [31m[1m^^^^^^^^^^^^^^^^^^^^^^^[0m
  [90m6 |[0m
  [90m7 |[0m [36mexport[0m [36mdefault[0m [36mfunction[0m [33mAppShell[0m({ children }: { children: [33mReactNode[0m }) {
  [90m8 |[0m   [36mreturn[0m (



Import traces:
  Client Component Browser:
    ./client/src/components/AppShell.tsx [Client Component Browser]
    ./client/src/app/dashboard/page.tsx [Client Component Browser]
    ./client/src/app/dashboard/page.tsx [Server Component]

  Client Component SSR:
    ./client/src/components/AppShell.tsx [Client Component SSR]
    ./client/src/app/dashboard/page.tsx [Client Component SSR]
    ./client/src/app/dashboard/page.tsx [Server Component]

https://nextjs.org/docs/messages/module-not-found


⨯ ./client/src/components/AppShell.tsx:5:1
Module not found: Can't resolve './Fab'
  [90m3 |[0m [36mimport[0m [33mParticles[0m [36mfrom[0m [32m'./Particles'[0m
  [90m4 |[0m [36mimport[0m [33mBottomNav[0m [36mfrom[0m [32m'./BottomNav'[0m
[31m[1m>[0m [90m5 |[0m [36mimport[0m [33mFab[0m [36mfrom[0m [32m'./Fab'[0m
  [90m  |[0m [31m[1m^^^^^^^^^^^^^^^^^^^^^^^[0m
  [90m6 |[0m
  [90m7 |[0m [36mexport[0m [36mdefault[0m [36mfunction[0m [33mAppShell[0m({ children }: { children: [33mReactNode[0m }) {
  [90m8 |[0m   [36mreturn[0m (



Import traces:
  Client Component Browser:
    ./client/src/components/AppShell.tsx [Client Component Browser]
    ./client/src/app/dashboard/page.tsx [Client Component Browser]
    ./client/src/app/dashboard/page.tsx [Server Component]

  Client Component SSR:
    ./client/src/components/AppShell.tsx [Client Component SSR]
    ./client/src/app/dashboard/page.tsx [Client Component SSR]
    ./client/src/app/dashboard/page.tsx [Server Component]

https://nextjs.org/docs/messages/module-not-found


⨯ ./client/src/components/AppShell.tsx:5:1
Module not found: Can't resolve './Fab'
  [90m3 |[0m [36mimport[0m [33mParticles[0m [36mfrom[0m [32m'./Particles'[0m
  [90m4 |[0m [36mimport[0m [33mBottomNav[0m [36mfrom[0m [32m'./BottomNav'[0m
[31m[1m>[0m [90m5 |[0m [36mimport[0m [33mFab[0m [36mfrom[0m [32m'./Fab'[0m
  [90m  |[0m [31m[1m^^^^^^^^^^^^^^^^^^^^^^^[0m
  [90m6 |[0m
  [90m7 |[0m [36mexport[0m [36mdefault[0m [36mfunction[0m [33mAppShell[0m({ children }: { children: [33mReactNode[0m }) {
  [90m8 |[0m   [36mreturn[0m (



Import traces:
  Client Component Browser:
    ./client/src/components/AppShell.tsx [Client Component Browser]
    ./client/src/app/dashboard/page.tsx [Client Component Browser]
    ./client/src/app/dashboard/page.tsx [Server Component]

  Client Component SSR:
    ./client/src/components/AppShell.tsx [Client Component SSR]
    ./client/src/app/dashboard/page.tsx [Client Component SSR]
    ./client/src/app/dashboard/page.tsx [Server Component]

https://nextjs.org/docs/messages/module-not-found


⨯ ./client/src/components/AppShell.tsx:5:1
Module not found: Can't resolve './Fab'
  [90m3 |[0m [36mimport[0m [33mParticles[0m [36mfrom[0m [32m'./Particles'[0m
  [90m4 |[0m [36mimport[0m [33mBottomNav[0m [36mfrom[0m [32m'./BottomNav'[0m
[31m[1m>[0m [90m5 |[0m [36mimport[0m [33mFab[0m [36mfrom[0m [32m'./Fab'[0m
  [90m  |[0m [31m[1m^^^^^^^^^^^^^^^^^^^^^^^[0m
  [90m6 |[0m
  [90m7 |[0m [36mexport[0m [36mdefault[0m [36mfunction[0m [33mAppShell[0m({ children }: { children: [33mReactNode[0m }) {
  [90m8 |[0m   [36mreturn[0m (



Import traces:
  Client Component Browser:
    ./client/src/components/AppShell.tsx [Client Component Browser]
    ./client/src/app/dashboard/page.tsx [Client Component Browser]
    ./client/src/app/dashboard/page.tsx [Server Component]

  Client Component SSR:
    ./client/src/components/AppShell.tsx [Client Component SSR]
    ./client/src/app/dashboard/page.tsx [Client Component SSR]
    ./client/src/app/dashboard/page.tsx [Server Component]

https://nextjs.org/docs/messages/module-not-found


⨯ ./client/src/components/AppShell.tsx:5:1
Module not found: Can't resolve './Fab'
  [90m3 |[0m [36mimport[0m [33mParticles[0m [36mfrom[0m [32m'./Particles'[0m
  [90m4 |[0m [36mimport[0m [33mBottomNav[0m [36mfrom[0m [32m'./BottomNav'[0m
[31m[1m>[0m [90m5 |[0m [36mimport[0m [33mFab[0m [36mfrom[0m [32m'./Fab'[0m
  [90m  |[0m [31m[1m^^^^^^^^^^^^^^^^^^^^^^^[0m
  [90m6 |[0m
  [90m7 |[0m [36mexport[0m [36mdefault[0m [36mfunction[0m [33mAppShell[0m({ children }: { children: [33mReactNode[0m }) {
  [90m8 |[0m   [36mreturn[0m (



Import traces:
  Client Component Browser:
    ./client/src/components/AppShell.tsx [Client Component Browser]
    ./client/src/app/profilo/page.tsx [Client Component Browser]
    ./client/src/app/profilo/page.tsx [Server Component]

  Client Component SSR:
    ./client/src/components/AppShell.tsx [Client Component SSR]
    ./client/src/app/profilo/page.tsx [Client Component SSR]
    ./client/src/app/profilo/page.tsx [Server Component]

https://nextjs.org/docs/messages/module-not-found


⨯ ./client/src/components/AppShell.tsx:5:1
Module not found: Can't resolve './Fab'
  [90m3 |[0m [36mimport[0m [33mParticles[0m [36mfrom[0m [32m'./Particles'[0m
  [90m4 |[0m [36mimport[0m [33mBottomNav[0m [36mfrom[0m [32m'./BottomNav'[0m
[31m[1m>[0m [90m5 |[0m [36mimport[0m [33mFab[0m [36mfrom[0m [32m'./Fab'[0m
  [90m  |[0m [31m[1m^^^^^^^^^^^^^^^^^^^^^^^[0m
  [90m6 |[0m
  [90m7 |[0m [36mexport[0m [36mdefault[0m [36mfunction[0m [33mAppShell[0m({ children }: { children: [33mReactNode[0m }) {
  [90m8 |[0m   [36mreturn[0m (



Import traces:
  Client Component Browser:
    ./client/src/components/AppShell.tsx [Client Component Browser]
    ./client/src/app/profilo/page.tsx [Client Component Browser]
    ./client/src/app/profilo/page.tsx [Server Component]

  Client Component SSR:
    ./client/src/components/AppShell.tsx [Client Component SSR]
    ./client/src/app/profilo/page.tsx [Client Component SSR]
    ./client/src/app/profilo/page.tsx [Server Component]

https://nextjs.org/docs/messages/module-not-found


⨯ ./client/src/components/AppShell.tsx:5:1
Module not found: Can't resolve './Fab'
  [90m3 |[0m [36mimport[0m [33mParticles[0m [36mfrom[0m [32m'./Particles'[0m
  [90m4 |[0m [36mimport[0m [33mBottomNav[0m [36mfrom[0m [32m'./BottomNav'[0m
[31m[1m>[0m [90m5 |[0m [36mimport[0m [33mFab[0m [36mfrom[0m [32m'./Fab'[0m
  [90m  |[0m [31m[1m^^^^^^^^^^^^^^^^^^^^^^^[0m
  [90m6 |[0m
  [90m7 |[0m [36mexport[0m [36mdefault[0m [36mfunction[0m [33mAppShell[0m({ children }: { children: [33mReactNode[0m }) {
  [90m8 |[0m   [36mreturn[0m (



Import traces:
  Client Component Browser:
    ./client/src/components/AppShell.tsx [Client Component Browser]
    ./client/src/app/profilo/page.tsx [Client Component Browser]
    ./client/src/app/profilo/page.tsx [Server Component]

  Client Component SSR:
    ./client/src/components/AppShell.tsx [Client Component SSR]
    ./client/src/app/profilo/page.tsx [Client Component SSR]
    ./client/src/app/profilo/page.tsx [Server Component]

https://nextjs.org/docs/messages/module-not-found


⨯ ./client/src/components/AppShell.tsx:5:1
Module not found: Can't resolve './Fab'
  [90m3 |[0m [36mimport[0m [33mParticles[0m [36mfrom[0m [32m'./Particles'[0m
  [90m4 |[0m [36mimport[0m [33mBottomNav[0m [36mfrom[0m [32m'./BottomNav'[0m
[31m[1m>[0m [90m5 |[0m [36mimport[0m [33mFab[0m [36mfrom[0m [32m'./Fab'[0m
  [90m  |[0m [31m[1m^^^^^^^^^^^^^^^^^^^^^^^[0m
  [90m6 |[0m
  [90m7 |[0m [36mexport[0m [36mdefault[0m [36mfunction[0m [33mAppShell[0m({ children }: { children: [33mReactNode[0m }) {
  [90m8 |[0m   [36mreturn[0m (



Import traces:
  Client Component Browser:
    ./client/src/components/AppShell.tsx [Client Component Browser]
    ./client/src/app/profilo/page.tsx [Client Component Browser]
    ./client/src/app/profilo/page.tsx [Server Component]

  Client Component SSR:
    ./client/src/components/AppShell.tsx [Client Component SSR]
    ./client/src/app/profilo/page.tsx [Client Component SSR]
    ./client/src/app/profilo/page.tsx [Server Component]

https://nextjs.org/docs/messages/module-not-found


⨯ ./client/src/components/AppShell.tsx:5:1
Module not found: Can't resolve './Fab'
  [90m3 |[0m [36mimport[0m [33mParticles[0m [36mfrom[0m [32m'./Particles'[0m
  [90m4 |[0m [36mimport[0m [33mBottomNav[0m [36mfrom[0m [32m'./BottomNav'[0m
[31m[1m>[0m [90m5 |[0m [36mimport[0m [33mFab[0m [36mfrom[0m [32m'./Fab'[0m
  [90m  |[0m [31m[1m^^^^^^^^^^^^^^^^^^^^^^^[0m
  [90m6 |[0m
  [90m7 |[0m [36mexport[0m [36mdefault[0m [36mfunction[0m [33mAppShell[0m({ children }: { children: [33mReactNode[0m }) {
  [90m8 |[0m   [36mreturn[0m (



Import traces:
  Client Component Browser:
    ./client/src/components/AppShell.tsx [Client Component Browser]
    ./client/src/app/movimenti/page.tsx [Client Component Browser]
    ./client/src/app/movimenti/page.tsx [Server Component]

  Client Component SSR:
    ./client/src/components/AppShell.tsx [Client Component SSR]
    ./client/src/app/movimenti/page.tsx [Client Component SSR]
    ./client/src/app/movimenti/page.tsx [Server Component]

https://nextjs.org/docs/messages/module-not-found


⨯ ./client/src/components/AppShell.tsx:5:1
Module not found: Can't resolve './Fab'
  [90m3 |[0m [36mimport[0m [33mParticles[0m [36mfrom[0m [32m'./Particles'[0m
  [90m4 |[0m [36mimport[0m [33mBottomNav[0m [36mfrom[0m [32m'./BottomNav'[0m
[31m[1m>[0m [90m5 |[0m [36mimport[0m [33mFab[0m [36mfrom[0m [32m'./Fab'[0m
  [90m  |[0m [31m[1m^^^^^^^^^^^^^^^^^^^^^^^[0m
  [90m6 |[0m
  [90m7 |[0m [36mexport[0m [36mdefault[0m [36mfunction[0m [33mAppShell[0m({ children }: { children: [33mReactNode[0m }) {
  [90m8 |[0m   [36mreturn[0m (



Import traces:
  Client Component Browser:
    ./client/src/components/AppShell.tsx [Client Component Browser]
    ./client/src/app/movimenti/page.tsx [Client Component Browser]
    ./client/src/app/movimenti/page.tsx [Server Component]

  Client Component SSR:
    ./client/src/components/AppShell.tsx [Client Component SSR]
    ./client/src/app/movimenti/page.tsx [Client Component SSR]
    ./client/src/app/movimenti/page.tsx [Server Component]

https://nextjs.org/docs/messages/module-not-found


⨯ ./client/src/components/AppShell.tsx:5:1
Module not found: Can't resolve './Fab'
  [90m3 |[0m [36mimport[0m [33mParticles[0m [36mfrom[0m [32m'./Particles'[0m
  [90m4 |[0m [36mimport[0m [33mBottomNav[0m [36mfrom[0m [32m'./BottomNav'[0m
[31m[1m>[0m [90m5 |[0m [36mimport[0m [33mFab[0m [36mfrom[0m [32m'./Fab'[0m
  [90m  |[0m [31m[1m^^^^^^^^^^^^^^^^^^^^^^^[0m
  [90m6 |[0m
  [90m7 |[0m [36mexport[0m [36mdefault[0m [36mfunction[0m [33mAppShell[0m({ children }: { children: [33mReactNode[0m }) {
  [90m8 |[0m   [36mreturn[0m (



Import traces:
  Client Component Browser:
    ./client/src/components/AppShell.tsx [Client Component Browser]
    ./client/src/app/movimenti/page.tsx [Client Component Browser]
    ./client/src/app/movimenti/page.tsx [Server Component]

  Client Component SSR:
    ./client/src/components/AppShell.tsx [Client Component SSR]
    ./client/src/app/movimenti/page.tsx [Client Component SSR]
    ./client/src/app/movimenti/page.tsx [Server Component]

https://nextjs.org/docs/messages/module-not-found


⨯ ./client/src/components/AppShell.tsx:5:1
Module not found: Can't resolve './Fab'
  [90m3 |[0m [36mimport[0m [33mParticles[0m [36mfrom[0m [32m'./Particles'[0m
  [90m4 |[0m [36mimport[0m [33mBottomNav[0m [36mfrom[0m [32m'./BottomNav'[0m
[31m[1m>[0m [90m5 |[0m [36mimport[0m [33mFab[0m [36mfrom[0m [32m'./Fab'[0m
  [90m  |[0m [31m[1m^^^^^^^^^^^^^^^^^^^^^^^[0m
  [90m6 |[0m
  [90m7 |[0m [36mexport[0m [36mdefault[0m [36mfunction[0m [33mAppShell[0m({ children }: { children: [33mReactNode[0m }) {
  [90m8 |[0m   [36mreturn[0m (



Import traces:
  Client Component Browser:
    ./client/src/components/AppShell.tsx [Client Component Browser]
    ./client/src/app/movimenti/page.tsx [Client Component Browser]
    ./client/src/app/movimenti/page.tsx [Server Component]

  Client Component SSR:
    ./client/src/components/AppShell.tsx [Client Component SSR]
    ./client/src/app/movimenti/page.tsx [Client Component SSR]
    ./client/src/app/movimenti/page.tsx [Server Component]

https://nextjs.org/docs/messages/module-not-found


⨯ ./client/src/components/AppShell.tsx:5:1
Module not found: Can't resolve './Fab'
  [90m3 |[0m [36mimport[0m [33mParticles[0m [36mfrom[0m [32m'./Particles'[0m
  [90m4 |[0m [36mimport[0m [33mBottomNav[0m [36mfrom[0m [32m'./BottomNav'[0m
[31m[1m>[0m [90m5 |[0m [36mimport[0m [33mFab[0m [36mfrom[0m [32m'./Fab'[0m
  [90m  |[0m [31m[1m^^^^^^^^^^^^^^^^^^^^^^^[0m
  [90m6 |[0m
  [90m7 |[0m [36mexport[0m [36mdefault[0m [36mfunction[0m [33mAppShell[0m({ children }: { children: [33mReactNode[0m }) {
  [90m8 |[0m   [36mreturn[0m (



Import traces:
  Client Component Browser:
    ./client/src/components/AppShell.tsx [Client Component Browser]
    ./client/src/app/stats/page.tsx [Client Component Browser]
    ./client/src/app/stats/page.tsx [Server Component]

  Client Component SSR:
    ./client/src/components/AppShell.tsx [Client Component SSR]
    ./client/src/app/stats/page.tsx [Client Component SSR]
    ./client/src/app/stats/page.tsx [Server Component]

https://nextjs.org/docs/messages/module-not-found


⨯ ./client/src/components/AppShell.tsx:5:1
Module not found: Can't resolve './Fab'
  [90m3 |[0m [36mimport[0m [33mParticles[0m [36mfrom[0m [32m'./Particles'[0m
  [90m4 |[0m [36mimport[0m [33mBottomNav[0m [36mfrom[0m [32m'./BottomNav'[0m
[31m[1m>[0m [90m5 |[0m [36mimport[0m [33mFab[0m [36mfrom[0m [32m'./Fab'[0m
  [90m  |[0m [31m[1m^^^^^^^^^^^^^^^^^^^^^^^[0m
  [90m6 |[0m
  [90m7 |[0m [36mexport[0m [36mdefault[0m [36mfunction[0m [33mAppShell[0m({ children }: { children: [33mReactNode[0m }) {
  [90m8 |[0m   [36mreturn[0m (



Import traces:
  Client Component Browser:
    ./client/src/components/AppShell.tsx [Client Component Browser]
    ./client/src/app/stats/page.tsx [Client Component Browser]
    ./client/src/app/stats/page.tsx [Server Component]

  Client Component SSR:
    ./client/src/components/AppShell.tsx [Client Component SSR]
    ./client/src/app/stats/page.tsx [Client Component SSR]
    ./client/src/app/stats/page.tsx [Server Component]

https://nextjs.org/docs/messages/module-not-found


⨯ ./client/src/components/AppShell.tsx:5:1
Module not found: Can't resolve './Fab'
  [90m3 |[0m [36mimport[0m [33mParticles[0m [36mfrom[0m [32m'./Particles'[0m
  [90m4 |[0m [36mimport[0m [33mBottomNav[0m [36mfrom[0m [32m'./BottomNav'[0m
[31m[1m>[0m [90m5 |[0m [36mimport[0m [33mFab[0m [36mfrom[0m [32m'./Fab'[0m
  [90m  |[0m [31m[1m^^^^^^^^^^^^^^^^^^^^^^^[0m
  [90m6 |[0m
  [90m7 |[0m [36mexport[0m [36mdefault[0m [36mfunction[0m [33mAppShell[0m({ children }: { children: [33mReactNode[0m }) {
  [90m8 |[0m   [36mreturn[0m (



Import traces:
  Client Component Browser:
    ./client/src/components/AppShell.tsx [Client Component Browser]
    ./client/src/app/stats/page.tsx [Client Component Browser]
    ./client/src/app/stats/page.tsx [Server Component]

  Client Component SSR:
    ./client/src/components/AppShell.tsx [Client Component SSR]
    ./client/src/app/stats/page.tsx [Client Component SSR]
    ./client/src/app/stats/page.tsx [Server Component]

https://nextjs.org/docs/messages/module-not-found


⨯ ./client/src/components/AppShell.tsx:5:1
Module not found: Can't resolve './Fab'
  [90m3 |[0m [36mimport[0m [33mParticles[0m [36mfrom[0m [32m'./Particles'[0m
  [90m4 |[0m [36mimport[0m [33mBottomNav[0m [36mfrom[0m [32m'./BottomNav'[0m
[31m[1m>[0m [90m5 |[0m [36mimport[0m [33mFab[0m [36mfrom[0m [32m'./Fab'[0m
  [90m  |[0m [31m[1m^^^^^^^^^^^^^^^^^^^^^^^[0m
  [90m6 |[0m
  [90m7 |[0m [36mexport[0m [36mdefault[0m [36mfunction[0m [33mAppShell[0m({ children }: { children: [33mReactNode[0m }) {
  [90m8 |[0m   [36mreturn[0m (



Import traces:
  Client Component Browser:
    ./client/src/components/AppShell.tsx [Client Component Browser]
    ./client/src/app/stats/page.tsx [Client Component Browser]
    ./client/src/app/stats/page.tsx [Server Component]

  Client Component SSR:
    ./client/src/components/AppShell.tsx [Client Component SSR]
    ./client/src/app/stats/page.tsx [Client Component SSR]
    ./client/src/app/stats/page.tsx [Server Component]

https://nextjs.org/docs/messages/module-not-found


✓ Compiled in 90ms
⚠ Found a change in next.config.ts. Restarting the server to apply the changes...
▲ Next.js 16.2.10 (Turbopack)
- Local:         http://localhost:3000
- Network:       http://192.168.1.138:3000
✓ Ready in 540ms
⚠ Invalid next.config.ts options detected: 
⚠     Unrecognized key(s) in object: 'server'
⚠ See more info here: https://nextjs.org/docs/messages/invalid-next-config

⚠ Found a change in next.config.ts. Restarting the server to apply the changes...
▲ Next.js 16.2.10 (Turbopack)
- Local:         http://localhost:3000
- Network:       http://192.168.1.138:3000
✓ Ready in 492ms
⚠ Invalid next.config.ts options detected: 
⚠     Unrecognized key(s) in object: 'server'
⚠ See more info here: https://nextjs.org/docs/messages/invalid-next-config

⚠ Found a change in next.config.ts. Restarting the server to apply the changes...
▲ Next.js 16.2.10 (Turbopack)
- Local:         http://localhost:3000
- Network:       http://192.168.1.138:3000
✓ Ready in 750ms

 GET / 200 in 1658ms (next.js: 973ms, application-code: 685ms)
⚠ Blocked cross-origin request to Next.js dev resource /_next/webpack-hmr from "192.168.1.138".
Cross-origin access to Next.js dev resources is blocked by default for safety.

To allow this host in development, add it to "allowedDevOrigins" in next.config.js and restart the dev server:

// next.config.js
module.exports = {
  allowedDevOrigins: ['192.168.1.138'],
}

Read more: https://nextjs.org/docs/app/api-reference/config/next-config-js/allowedDevOrigins
 GET / 200 in 224ms (next.js: 59ms, application-code: 165ms)
 GET / 200 in 667ms (next.js: 371ms, application-code: 297ms)
 GET / 200 in 875ms (next.js: 334ms, application-code: 541ms)
 GET /dashboard 200 in 309ms (next.js: 199ms, application-code: 111ms)
 GET /carte 200 in 171ms (next.js: 55ms, application-code: 116ms)
 GET /stats 200 in 395ms (next.js: 300ms, application-code: 95ms)
 GET /stats 200 in 638ms (next.js: 8ms, application-code: 630ms)
✓ Compiled in 347ms
 GET /stats 200 in 317ms (next.js: 128ms, application-code: 189ms)
✓ Compiled in 298ms
 GET /stats 200 in 218ms (next.js: 125ms, application-code: 94ms)
 GET /stats 200 in 218ms (next.js: 129ms, application-code: 89ms)
○ Compiling /_error ...
 GET /stats 500 in 5.0s (next.js: 4.5s, application-code: 563ms)
 GET /stats 500 in 206ms (next.js: 173ms, application-code: 34ms)
 GET /stats 500 in 65ms (next.js: 24ms, application-code: 41ms)
 GET /stats 500 in 90ms (next.js: 59ms, application-code: 30ms)
[browser] Uncaught Error: ./client/src/app/dashboard/page.tsx:173:9
Expected ',', got 'ident'
  171 |     </AppShell>
  172 |       <CardDrawer
> 173 |         open={cardOpen}
      |         ^^^^
  174 |         onClose={() => setCardOpen(false)}
  175 |         transactions={transactions}
  176 |         user={user!}

Parsing ecmascript source code failed

Import traces:
  Client Component Browser:
    ./client/src/app/dashboard/page.tsx [Client Component Browser]
    ./client/src/app/dashboard/page.tsx [Server Component]

  Client Component SSR:
    ./client/src/app/dashboard/page.tsx [Client Component SSR]
    ./client/src/app/dashboard/page.tsx [Server Component]


    at <unknown> (Error: ./client/src/app/dashboard/page.tsx:173:9)
    at <unknown> (Error: (./client/src/app/dashboard/page.tsx:173:9)
✓ Compiled in 439ms
 GET /stats 200 in 1918ms (next.js: 64ms, application-code: 1854ms)
 GET /stats 200 in 393ms (next.js: 152ms, application-code: 242ms)
✓ Compiled in 243ms
 GET /stats 200 in 53ms (next.js: 6ms, application-code: 47ms)
 GET /dashboard 200 in 246ms (next.js: 123ms, application-code: 124ms)
 GET /dashboard 200 in 21ms (next.js: 7ms, application-code: 14ms)
 GET / 200 in 271ms (next.js: 14ms, application-code: 257ms)
 GET /dashboard 200 in 78ms (next.js: 13ms, application-code: 65ms)
 GET / 200 in 43ms (next.js: 13ms, application-code: 31ms)
 GET /dashboard 200 in 60ms (next.js: 14ms, application-code: 47ms)
 GET /dashboard 200 in 345ms (next.js: 6ms, application-code: 339ms)
 GET / 200 in 31ms (next.js: 5ms, application-code: 26ms)
 GET /dashboard 200 in 20ms (next.js: 5ms, application-code: 15ms)
 GET /dashboard 200 in 377ms (next.js: 6ms, application-code: 371ms)
 GET /dashboard 200 in 34ms (next.js: 6ms, application-code: 28ms)
 GET /dashboard 200 in 191ms (next.js: 8ms, application-code: 183ms)
 GET /dashboard 200 in 178ms (next.js: 20ms, application-code: 158ms)
 GET /dashboard 200 in 102ms (next.js: 10ms, application-code: 92ms)
 GET /dashboard 200 in 80ms (next.js: 5ms, application-code: 74ms)
 GET /login 200 in 289ms (next.js: 205ms, application-code: 84ms)
 GET /dashboard 200 in 20ms (next.js: 6ms, application-code: 14ms)
[?25h
