Salvify API running on http://localhost:3001
22:20:47 [tsx] change in ./src\routes\auth.ts Restarting...
cSalvify API running on http://localhost:3001
22:20:50 [tsx] change in ./src\routes\transactions.ts Restarting...
cSalvify API running on http://localhost:3001
22:20:51 [tsx] change in ./src\routes\transactions.ts Restarting...
cSalvify API running on http://localhost:3001
22:20:52 [tsx] change in ./src\routes\transactions.ts Restarting...
cSalvify API running on http://localhost:3001
22:21:00 [tsx] change in ./src\routes\pockets.ts Restarting...
cSalvify API running on http://localhost:3001
22:21:04 [tsx] change in ./src\routes\goals.ts Restarting...
cSalvify API running on http://localhost:3001
22:21:08 [tsx] change in ./src\routes\budgets.ts Restarting...
cSalvify API running on http://localhost:3001
22:21:11 [tsx] change in ./src\routes\categories.ts Restarting...
cSalvify API running on http://localhost:3001
22:51:06 [tsx] change in ./src\routes\auth.ts Rerunning...
cnode:events:487
      throw er; // Unhandled 'error' event
      ^

Error: listen EADDRINUSE: address already in use :::3001
    at Server.setupListenHandle [as _listen2] (node:net:2009:16)
    at listenInCluster (node:net:2066:12)
    at Server.listen (node:net:2171:7)
    at app.listen (C:\Users\giuse\salvify-app\node_modules\express\lib\application.js:635:24)
    at budgetRoutes (C:\Users\giuse\salvify-app\server\src\index.ts:26:5)
    at Object.<anonymous> (C:\Users\giuse\salvify-app\server\src\index.ts:28:2)
    at Module._compile (node:internal/modules/cjs/loader:1854:14)
    at Object.transformer (C:\Users\giuse\salvify-app\node_modules\tsx\dist\register-BLUABhh3.cjs:9:3252)
    at Module.load (node:internal/modules/cjs/loader:1577:32)
    at Module._load (node:internal/modules/cjs/loader:1379:12)
Emitted 'error' event on Server instance at:
    at emitErrorNT (node:net:2045:8)
    at process.processTicksAndRejections (node:internal/process/task_queues:90:21) {
  code: 'EADDRINUSE',
  errno: -4091,
  syscall: 'listen',
  address: '::',
  port: 3001
}

Node.js v24.17.0
22:51:07 [tsx] change in ./src\routes\auth.ts Rerunning...
cnode:events:487
      throw er; // Unhandled 'error' event
      ^

Error: listen EADDRINUSE: address already in use :::3001
    at Server.setupListenHandle [as _listen2] (node:net:2009:16)
    at listenInCluster (node:net:2066:12)
    at Server.listen (node:net:2171:7)
    at app.listen (C:\Users\giuse\salvify-app\node_modules\express\lib\application.js:635:24)
    at budgetRoutes (C:\Users\giuse\salvify-app\server\src\index.ts:26:5)
    at Object.<anonymous> (C:\Users\giuse\salvify-app\server\src\index.ts:28:2)
    at Module._compile (node:internal/modules/cjs/loader:1854:14)
    at Object.transformer (C:\Users\giuse\salvify-app\node_modules\tsx\dist\register-BLUABhh3.cjs:9:3252)
    at Module.load (node:internal/modules/cjs/loader:1577:32)
    at Module._load (node:internal/modules/cjs/loader:1379:12)
Emitted 'error' event on Server instance at:
    at emitErrorNT (node:net:2045:8)
    at process.processTicksAndRejections (node:internal/process/task_queues:90:21) {
  code: 'EADDRINUSE',
  errno: -4091,
  syscall: 'listen',
  address: '::',
  port: 3001
}

Node.js v24.17.0
22:51:08 [tsx] change in ./src\routes\goals.ts Rerunning...
cnode:events:487
      throw er; // Unhandled 'error' event
      ^

Error: listen EADDRINUSE: address already in use :::3001
    at Server.setupListenHandle [as _listen2] (node:net:2009:16)
    at listenInCluster (node:net:2066:12)
    at Server.listen (node:net:2171:7)
    at app.listen (C:\Users\giuse\salvify-app\node_modules\express\lib\application.js:635:24)
    at budgetRoutes (C:\Users\giuse\salvify-app\server\src\index.ts:26:5)
    at Object.<anonymous> (C:\Users\giuse\salvify-app\server\src\index.ts:28:2)
    at Module._compile (node:internal/modules/cjs/loader:1854:14)
    at Object.transformer (C:\Users\giuse\salvify-app\node_modules\tsx\dist\register-BLUABhh3.cjs:9:3252)
    at Module.load (node:internal/modules/cjs/loader:1577:32)
    at Module._load (node:internal/modules/cjs/loader:1379:12)
Emitted 'error' event on Server instance at:
    at emitErrorNT (node:net:2045:8)
    at process.processTicksAndRejections (node:internal/process/task_queues:90:21) {
  code: 'EADDRINUSE',
  errno: -4091,
  syscall: 'listen',
  address: '::',
  port: 3001
}

Node.js v24.17.0
22:51:17 [tsx] change in ./src\routes\goals.ts Rerunning...
cnode:events:487
      throw er; // Unhandled 'error' event
      ^

Error: listen EADDRINUSE: address already in use :::3001
    at Server.setupListenHandle [as _listen2] (node:net:2009:16)
    at listenInCluster (node:net:2066:12)
    at Server.listen (node:net:2171:7)
    at app.listen (C:\Users\giuse\salvify-app\node_modules\express\lib\application.js:635:24)
    at budgetRoutes (C:\Users\giuse\salvify-app\server\src\index.ts:26:5)
    at Object.<anonymous> (C:\Users\giuse\salvify-app\server\src\index.ts:28:2)
    at Module._compile (node:internal/modules/cjs/loader:1854:14)
    at Object.transformer (C:\Users\giuse\salvify-app\node_modules\tsx\dist\register-BLUABhh3.cjs:9:3252)
    at Module.load (node:internal/modules/cjs/loader:1577:32)
    at Module._load (node:internal/modules/cjs/loader:1379:12)
Emitted 'error' event on Server instance at:
    at emitErrorNT (node:net:2045:8)
    at process.processTicksAndRejections (node:internal/process/task_queues:90:21) {
  code: 'EADDRINUSE',
  errno: -4091,
  syscall: 'listen',
  address: '::',
  port: 3001
}

Node.js v24.17.0
22:51:24 [tsx] change in ./src\routes\transactions.ts Rerunning...
cnode:events:487
      throw er; // Unhandled 'error' event
      ^

Error: listen EADDRINUSE: address already in use :::3001
    at Server.setupListenHandle [as _listen2] (node:net:2009:16)
    at listenInCluster (node:net:2066:12)
    at Server.listen (node:net:2171:7)
    at app.listen (C:\Users\giuse\salvify-app\node_modules\express\lib\application.js:635:24)
    at budgetRoutes (C:\Users\giuse\salvify-app\server\src\index.ts:26:5)
    at Object.<anonymous> (C:\Users\giuse\salvify-app\server\src\index.ts:28:2)
    at Module._compile (node:internal/modules/cjs/loader:1854:14)
    at Object.transformer (C:\Users\giuse\salvify-app\node_modules\tsx\dist\register-BLUABhh3.cjs:9:3252)
    at Module.load (node:internal/modules/cjs/loader:1577:32)
    at Module._load (node:internal/modules/cjs/loader:1379:12)
Emitted 'error' event on Server instance at:
    at emitErrorNT (node:net:2045:8)
    at process.processTicksAndRejections (node:internal/process/task_queues:90:21) {
  code: 'EADDRINUSE',
  errno: -4091,
  syscall: 'listen',
  address: '::',
  port: 3001
}

Node.js v24.17.0
22:52:18 [tsx] change in ./src\routes\auth.ts Rerunning...
cnode:events:487
      throw er; // Unhandled 'error' event
      ^

Error: listen EADDRINUSE: address already in use :::3001
    at Server.setupListenHandle [as _listen2] (node:net:2009:16)
    at listenInCluster (node:net:2066:12)
    at Server.listen (node:net:2171:7)
    at app.listen (C:\Users\giuse\salvify-app\node_modules\express\lib\application.js:635:24)
    at budgetRoutes (C:\Users\giuse\salvify-app\server\src\index.ts:26:5)
    at Object.<anonymous> (C:\Users\giuse\salvify-app\server\src\index.ts:28:2)
    at Module._compile (node:internal/modules/cjs/loader:1854:14)
    at Object.transformer (C:\Users\giuse\salvify-app\node_modules\tsx\dist\register-BLUABhh3.cjs:9:3252)
    at Module.load (node:internal/modules/cjs/loader:1577:32)
    at Module._load (node:internal/modules/cjs/loader:1379:12)
Emitted 'error' event on Server instance at:
    at emitErrorNT (node:net:2045:8)
    at process.processTicksAndRejections (node:internal/process/task_queues:90:21) {
  code: 'EADDRINUSE',
  errno: -4091,
  syscall: 'listen',
  address: '::',
  port: 3001
}

Node.js v24.17.0
